SF:/home/josecelano/Documents/git/committer/me/github/torrust/torrust-mudlark/src/arena.rs
FN:91,_RNCNvMNtCseDZzA6aojIt_15torrust_mudlark5arenaINtB4_5ArenaINtNtNtB6_5nodes5gnode5GNodemyEE13iter_occupied0Cs2TRSwvI9cvt_11integration
FN:92,_RNCNvMNtCseDZzA6aojIt_15torrust_mudlark5arenaINtB4_5ArenaINtNtNtB6_5nodes5gnode5GNodemyEE13iter_occupieds_0Cs2TRSwvI9cvt_11integration
FN:91,_RNCNvMNtCseDZzA6aojIt_15torrust_mudlark5arenaINtB4_5ArenaINtNtNtB6_5nodes5vnode5VNodeyEE13iter_occupied0Cs2TRSwvI9cvt_11integration
FN:92,_RNCNvMNtCseDZzA6aojIt_15torrust_mudlark5arenaINtB4_5ArenaINtNtNtB6_5nodes5vnode5VNodeyEE13iter_occupieds_0Cs2TRSwvI9cvt_11integration
FN:83,_RNvMNtCseDZzA6aojIt_15torrust_mudlark5arenaINtB2_5ArenaINtNtNtB4_5nodes5gnode5GNodemyEE11is_occupiedCs2TRSwvI9cvt_11integration
FN:95,_RNvMNtCseDZzA6aojIt_15torrust_mudlark5arenaINtB2_5ArenaINtNtNtB4_5nodes5gnode5GNodemyEE12set_occupiedCs2TRSwvI9cvt_11integration
FN:89,_RNvMNtCseDZzA6aojIt_15torrust_mudlark5arenaINtB2_5ArenaINtNtNtB4_5nodes5gnode5GNodemyEE13iter_occupiedCs2TRSwvI9cvt_11integration
FN:64,_RNvMNtCseDZzA6aojIt_15torrust_mudlark5arenaINtB2_5ArenaINtNtNtB4_5nodes5gnode5GNodemyEE3getCs2TRSwvI9cvt_11integration
FN:15,_RNvMNtCseDZzA6aojIt_15torrust_mudlark5arenaINtB2_5ArenaINtNtNtB4_5nodes5gnode5GNodemyEE3newCs2TRSwvI9cvt_11integration
FN:30,_RNvMNtCseDZzA6aojIt_15torrust_mudlark5arenaINtB2_5ArenaINtNtNtB4_5nodes5gnode5GNodemyEE5allocCs2TRSwvI9cvt_11integration
FN:26,_RNvMNtCseDZzA6aojIt_15torrust_mudlark5arenaINtB2_5ArenaINtNtNtB4_5nodes5gnode5GNodemyEE5countCs2TRSwvI9cvt_11integration
FN:50,_RNvMNtCseDZzA6aojIt_15torrust_mudlark5arenaINtB2_5ArenaINtNtNtB4_5nodes5gnode5GNodemyEE7deallocCs2TRSwvI9cvt_11integration
FN:73,_RNvMNtCseDZzA6aojIt_15torrust_mudlark5arenaINtB2_5ArenaINtNtNtB4_5nodes5gnode5GNodemyEE7get_mutCs2TRSwvI9cvt_11integration
FN:83,_RNvMNtCseDZzA6aojIt_15torrust_mudlark5arenaINtB2_5ArenaINtNtNtB4_5nodes5vnode5VNodeyEE11is_occupiedCs2TRSwvI9cvt_11integration
FN:95,_RNvMNtCseDZzA6aojIt_15torrust_mudlark5arenaINtB2_5ArenaINtNtNtB4_5nodes5vnode5VNodeyEE12set_occupiedCs2TRSwvI9cvt_11integration
FN:89,_RNvMNtCseDZzA6aojIt_15torrust_mudlark5arenaINtB2_5ArenaINtNtNtB4_5nodes5vnode5VNodeyEE13iter_occupiedCs2TRSwvI9cvt_11integration
FN:64,_RNvMNtCseDZzA6aojIt_15torrust_mudlark5arenaINtB2_5ArenaINtNtNtB4_5nodes5vnode5VNodeyEE3getCs2TRSwvI9cvt_11integration
FN:15,_RNvMNtCseDZzA6aojIt_15torrust_mudlark5arenaINtB2_5ArenaINtNtNtB4_5nodes5vnode5VNodeyEE3newCs2TRSwvI9cvt_11integration
FN:30,_RNvMNtCseDZzA6aojIt_15torrust_mudlark5arenaINtB2_5ArenaINtNtNtB4_5nodes5vnode5VNodeyEE5allocCs2TRSwvI9cvt_11integration
FN:26,_RNvMNtCseDZzA6aojIt_15torrust_mudlark5arenaINtB2_5ArenaINtNtNtB4_5nodes5vnode5VNodeyEE5countCs2TRSwvI9cvt_11integration
FN:50,_RNvMNtCseDZzA6aojIt_15torrust_mudlark5arenaINtB2_5ArenaINtNtNtB4_5nodes5vnode5VNodeyEE7deallocCs2TRSwvI9cvt_11integration
FN:73,_RNvMNtCseDZzA6aojIt_15torrust_mudlark5arenaINtB2_5ArenaINtNtNtB4_5nodes5vnode5VNodeyEE7get_mutCs2TRSwvI9cvt_11integration
FN:91,_RNCNvMNtCseDZzA6aojIt_15torrust_mudlark5arenaINtB4_5ArenaINtNtNtB6_5nodes5gnode5GNodemyEE13iter_occupied0CslbovFV5ulP4_14snapshot_tests
FN:92,_RNCNvMNtCseDZzA6aojIt_15torrust_mudlark5arenaINtB4_5ArenaINtNtNtB6_5nodes5gnode5GNodemyEE13iter_occupieds_0CslbovFV5ulP4_14snapshot_tests
FN:91,_RNCNvMNtCseDZzA6aojIt_15torrust_mudlark5arenaINtB4_5ArenaINtNtNtB6_5nodes5vnode5VNodeyEE13iter_occupied0CslbovFV5ulP4_14snapshot_tests
FN:92,_RNCNvMNtCseDZzA6aojIt_15torrust_mudlark5arenaINtB4_5ArenaINtNtNtB6_5nodes5vnode5VNodeyEE13iter_occupieds_0CslbovFV5ulP4_14snapshot_tests
FN:83,_RNvMNtCseDZzA6aojIt_15torrust_mudlark5arenaINtB2_5ArenaINtNtNtB4_5nodes5gnode5GNodemyEE11is_occupiedCslbovFV5ulP4_14snapshot_tests
FN:95,_RNvMNtCseDZzA6aojIt_15torrust_mudlark5arenaINtB2_5ArenaINtNtNtB4_5nodes5gnode5GNodemyEE12set_occupiedCslbovFV5ulP4_14snapshot_tests
FN:89,_RNvMNtCseDZzA6aojIt_15torrust_mudlark5arenaINtB2_5ArenaINtNtNtB4_5nodes5gnode5GNodemyEE13iter_occupiedCslbovFV5ulP4_14snapshot_tests
FN:64,_RNvMNtCseDZzA6aojIt_15torrust_mudlark5arenaINtB2_5ArenaINtNtNtB4_5nodes5gnode5GNodemyEE3getCslbovFV5ulP4_14snapshot_tests
FN:15,_RNvMNtCseDZzA6aojIt_15torrust_mudlark5arenaINtB2_5ArenaINtNtNtB4_5nodes5gnode5GNodemyEE3newCslbovFV5ulP4_14snapshot_tests
FN:30,_RNvMNtCseDZzA6aojIt_15torrust_mudlark5arenaINtB2_5ArenaINtNtNtB4_5nodes5gnode5GNodemyEE5allocCslbovFV5ulP4_14snapshot_tests
FN:50,_RNvMNtCseDZzA6aojIt_15torrust_mudlark5arenaINtB2_5ArenaINtNtNtB4_5nodes5gnode5GNodemyEE7deallocCslbovFV5ulP4_14snapshot_tests
FN:73,_RNvMNtCseDZzA6aojIt_15torrust_mudlark5arenaINtB2_5ArenaINtNtNtB4_5nodes5gnode5GNodemyEE7get_mutCslbovFV5ulP4_14snapshot_tests
FN:83,_RNvMNtCseDZzA6aojIt_15torrust_mudlark5arenaINtB2_5ArenaINtNtNtB4_5nodes5vnode5VNodeyEE11is_occupiedCslbovFV5ulP4_14snapshot_tests
FN:95,_RNvMNtCseDZzA6aojIt_15torrust_mudlark5arenaINtB2_5ArenaINtNtNtB4_5nodes5vnode5VNodeyEE12set_occupiedCslbovFV5ulP4_14snapshot_tests
FN:89,_RNvMNtCseDZzA6aojIt_15torrust_mudlark5arenaINtB2_5ArenaINtNtNtB4_5nodes5vnode5VNodeyEE13iter_occupiedCslbovFV5ulP4_14snapshot_tests
FN:64,_RNvMNtCseDZzA6aojIt_15torrust_mudlark5arenaINtB2_5ArenaINtNtNtB4_5nodes5vnode5VNodeyEE3getCslbovFV5ulP4_14snapshot_tests
FN:15,_RNvMNtCseDZzA6aojIt_15torrust_mudlark5arenaINtB2_5ArenaINtNtNtB4_5nodes5vnode5VNodeyEE3newCslbovFV5ulP4_14snapshot_tests
FN:30,_RNvMNtCseDZzA6aojIt_15torrust_mudlark5arenaINtB2_5ArenaINtNtNtB4_5nodes5vnode5VNodeyEE5allocCslbovFV5ulP4_14snapshot_tests
FN:26,_RNvMNtCseDZzA6aojIt_15torrust_mudlark5arenaINtB2_5ArenaINtNtNtB4_5nodes5vnode5VNodeyEE5countCslbovFV5ulP4_14snapshot_tests
FN:50,_RNvMNtCseDZzA6aojIt_15torrust_mudlark5arenaINtB2_5ArenaINtNtNtB4_5nodes5vnode5VNodeyEE7deallocCslbovFV5ulP4_14snapshot_tests
FN:73,_RNvMNtCseDZzA6aojIt_15torrust_mudlark5arenaINtB2_5ArenaINtNtNtB4_5nodes5vnode5VNodeyEE7get_mutCslbovFV5ulP4_14snapshot_tests
FN:169,_RNvNtNtNtCs1k5AbIZFFzF_15torrust_mudlark5arena5tests5allocs_17reuses_freed_slot
FN:153,_RNvNtNtNtCs1k5AbIZFFzF_15torrust_mudlark5arena5tests5allocs_22increases_count_by_one
FN:160,_RNvNtNtNtCs1k5AbIZFFzF_15torrust_mudlark5arena5tests5allocs_47returns_incrementing_indices_when_no_free_slots
FN:183,_RNvNtNtNtCs1k5AbIZFFzF_15torrust_mudlark5arena5tests3gets_24returns_the_stored_value
FN:142,_RNvNtNtNtCs1k5AbIZFFzF_15torrust_mudlark5arena5tests3news_12starts_empty
FN:228,_RNvNtNtNtCs1k5AbIZFFzF_15torrust_mudlark5arena5tests11is_occupieds_19is_true_after_alloc
FN:235,_RNvNtNtNtCs1k5AbIZFFzF_15torrust_mudlark5arena5tests11is_occupieds_22is_false_after_dealloc
FN:243,_RNvNtNtNtCs1k5AbIZFFzF_15torrust_mudlark5arena5tests11is_occupieds_31is_false_for_out_of_range_index
FN:300,_RNvNtNtNtCs1k5AbIZFFzF_15torrust_mudlark5arena5tests3fmts_33produces_a_non_empty_debug_string
FN:195,_RNvNtNtNtCs1k5AbIZFFzF_15torrust_mudlark5arena5tests7get_muts_24allows_mutation_in_place
FN:289,_RNvNtNtNtCs1k5AbIZFFzF_15torrust_mudlark5arena5tests7defaults_30starts_empty_via_default_trait
FN:313,_RNvNtNtNtCs1k5AbIZFFzF_15torrust_mudlark5arena5tests5clones_20clone_has_same_count
FN:322,_RNvNtNtNtCs1k5AbIZFFzF_15torrust_mudlark5arena5tests5clones_20clone_is_independent
FN:267,_RNvNtNtNtCs1k5AbIZFFzF_15torrust_mudlark5arena5tests13iter_occupieds_23skips_deallocated_slots
FN:254,_RNvNtNtNtCs1k5AbIZFFzF_15torrust_mudlark5arena5tests13iter_occupieds_26yields_all_allocated_slots
FN:278,_RNvNtNtNtCs1k5AbIZFFzF_15torrust_mudlark5arena5tests13iter_occupieds_30yields_nothing_for_empty_arena
FN:215,_RNvNtNtNtCs1k5AbIZFFzF_15torrust_mudlark5arena5tests7deallocs_22decreases_count_by_one
FN:208,_RNvNtNtNtCs1k5AbIZFFzF_15torrust_mudlark5arena5tests7deallocs_24returns_the_stored_value
FN:91,_RNCNvMNtCs1k5AbIZFFzF_15torrust_mudlark5arenaINtB4_5ArenaINtNtNtB6_5nodes5gnode5GNodehmEE13iter_occupied0B6_
FN:92,_RNCNvMNtCs1k5AbIZFFzF_15torrust_mudlark5arenaINtB4_5ArenaINtNtNtB6_5nodes5gnode5GNodehmEE13iter_occupieds_0B6_
FN:91,_RNCNvMNtCs1k5AbIZFFzF_15torrust_mudlark5arenaINtB4_5ArenaINtNtNtB6_5nodes5vnode5VNodemEE13iter_occupied0B6_
FN:92,_RNCNvMNtCs1k5AbIZFFzF_15torrust_mudlark5arenaINtB4_5ArenaINtNtNtB6_5nodes5vnode5VNodemEE13iter_occupieds_0B6_
FN:91,_RNCNvMNtCs1k5AbIZFFzF_15torrust_mudlark5arenaINtB4_5ArenamE13iter_occupied0B6_
FN:92,_RNCNvMNtCs1k5AbIZFFzF_15torrust_mudlark5arenaINtB4_5ArenamE13iter_occupieds_0B6_
FN:83,_RNvMNtCs1k5AbIZFFzF_15torrust_mudlark5arenaINtB2_5ArenaINtNtNtB4_5nodes5gnode5GNodehmEE11is_occupiedB4_
FN:95,_RNvMNtCs1k5AbIZFFzF_15torrust_mudlark5arenaINtB2_5ArenaINtNtNtB4_5nodes5gnode5GNodehmEE12set_occupiedB4_
FN:89,_RNvMNtCs1k5AbIZFFzF_15torrust_mudlark5arenaINtB2_5ArenaINtNtNtB4_5nodes5gnode5GNodehmEE13iter_occupiedB4_
FN:64,_RNvMNtCs1k5AbIZFFzF_15torrust_mudlark5arenaINtB2_5ArenaINtNtNtB4_5nodes5gnode5GNodehmEE3getB4_
FN:15,_RNvMNtCs1k5AbIZFFzF_15torrust_mudlark5arenaINtB2_5ArenaINtNtNtB4_5nodes5gnode5GNodehmEE3newB4_
FN:30,_RNvMNtCs1k5AbIZFFzF_15torrust_mudlark5arenaINtB2_5ArenaINtNtNtB4_5nodes5gnode5GNodehmEE5allocB4_
FN:26,_RNvMNtCs1k5AbIZFFzF_15torrust_mudlark5arenaINtB2_5ArenaINtNtNtB4_5nodes5gnode5GNodehmEE5countB4_
FN:50,_RNvMNtCs1k5AbIZFFzF_15torrust_mudlark5arenaINtB2_5ArenaINtNtNtB4_5nodes5gnode5GNodehmEE7deallocB4_
FN:73,_RNvMNtCs1k5AbIZFFzF_15torrust_mudlark5arenaINtB2_5ArenaINtNtNtB4_5nodes5gnode5GNodehmEE7get_mutB4_
FN:83,_RNvMNtCs1k5AbIZFFzF_15torrust_mudlark5arenaINtB2_5ArenaINtNtNtB4_5nodes5vnode5VNodemEE11is_occupiedB4_
FN:95,_RNvMNtCs1k5AbIZFFzF_15torrust_mudlark5arenaINtB2_5ArenaINtNtNtB4_5nodes5vnode5VNodemEE12set_occupiedB4_
FN:89,_RNvMNtCs1k5AbIZFFzF_15torrust_mudlark5arenaINtB2_5ArenaINtNtNtB4_5nodes5vnode5VNodemEE13iter_occupiedB4_
FN:64,_RNvMNtCs1k5AbIZFFzF_15torrust_mudlark5arenaINtB2_5ArenaINtNtNtB4_5nodes5vnode5VNodemEE3getB4_
FN:15,_RNvMNtCs1k5AbIZFFzF_15torrust_mudlark5arenaINtB2_5ArenaINtNtNtB4_5nodes5vnode5VNodemEE3newB4_
FN:30,_RNvMNtCs1k5AbIZFFzF_15torrust_mudlark5arenaINtB2_5ArenaINtNtNtB4_5nodes5vnode5VNodemEE5allocB4_
FN:26,_RNvMNtCs1k5AbIZFFzF_15torrust_mudlark5arenaINtB2_5ArenaINtNtNtB4_5nodes5vnode5VNodemEE5countB4_
FN:50,_RNvMNtCs1k5AbIZFFzF_15torrust_mudlark5arenaINtB2_5ArenaINtNtNtB4_5nodes5vnode5VNodemEE7deallocB4_
FN:73,_RNvMNtCs1k5AbIZFFzF_15torrust_mudlark5arenaINtB2_5ArenaINtNtNtB4_5nodes5vnode5VNodemEE7get_mutB4_
FN:83,_RNvMNtCs1k5AbIZFFzF_15torrust_mudlark5arenaINtB2_5ArenamE11is_occupiedB4_
FN:95,_RNvMNtCs1k5AbIZFFzF_15torrust_mudlark5arenaINtB2_5ArenamE12set_occupiedB4_
FN:89,_RNvMNtCs1k5AbIZFFzF_15torrust_mudlark5arenaINtB2_5ArenamE13iter_occupiedB4_
FN:64,_RNvMNtCs1k5AbIZFFzF_15torrust_mudlark5arenaINtB2_5ArenamE3getB4_
FN:15,_RNvMNtCs1k5AbIZFFzF_15torrust_mudlark5arenaINtB2_5ArenamE3newB4_
FN:30,_RNvMNtCs1k5AbIZFFzF_15torrust_mudlark5arenaINtB2_5ArenamE5allocB4_
FN:26,_RNvMNtCs1k5AbIZFFzF_15torrust_mudlark5arenaINtB2_5ArenamE5countB4_
FN:50,_RNvMNtCs1k5AbIZFFzF_15torrust_mudlark5arenaINtB2_5ArenamE7deallocB4_
FN:73,_RNvMNtCs1k5AbIZFFzF_15torrust_mudlark5arenaINtB2_5ArenamE7get_mutB4_
FN:113,_RNvXs0_NtCs1k5AbIZFFzF_15torrust_mudlark5arenaINtB5_5ArenamENtNtCs3uU3XqY3HYS_4core3fmt5Debug3fmtB7_
FN:123,_RNvXs1_NtCs1k5AbIZFFzF_15torrust_mudlark5arenaINtB5_5ArenamENtNtCs3uU3XqY3HYS_4core5clone5Clone5cloneB7_
FN:107,_RNvXs_NtCs1k5AbIZFFzF_15torrust_mudlark5arenaINtB4_5ArenamENtNtCs3uU3XqY3HYS_4core7default7Default7defaultB6_
FNDA:340,_RNCNvMNtCseDZzA6aojIt_15torrust_mudlark5arenaINtB4_5ArenaINtNtNtB6_5nodes5gnode5GNodemyEE13iter_occupied0Cs2TRSwvI9cvt_11integration
FNDA:290,_RNCNvMNtCseDZzA6aojIt_15torrust_mudlark5arenaINtB4_5ArenaINtNtNtB6_5nodes5gnode5GNodemyEE13iter_occupieds_0Cs2TRSwvI9cvt_11integration
FNDA:66128,_RNCNvMNtCseDZzA6aojIt_15torrust_mudlark5arenaINtB4_5ArenaINtNtNtB6_5nodes5vnode5VNodeyEE13iter_occupied0Cs2TRSwvI9cvt_11integration
FNDA:49414,_RNCNvMNtCseDZzA6aojIt_15torrust_mudlark5arenaINtB4_5ArenaINtNtNtB6_5nodes5vnode5VNodeyEE13iter_occupieds_0Cs2TRSwvI9cvt_11integration
FNDA:156864,_RNvMNtCseDZzA6aojIt_15torrust_mudlark5arenaINtB2_5ArenaINtNtNtB4_5nodes5gnode5GNodemyEE11is_occupiedCs2TRSwvI9cvt_11integration
FNDA:102,_RNvMNtCseDZzA6aojIt_15torrust_mudlark5arenaINtB2_5ArenaINtNtNtB4_5nodes5gnode5GNodemyEE12set_occupiedCs2TRSwvI9cvt_11integration
FNDA:30,_RNvMNtCseDZzA6aojIt_15torrust_mudlark5arenaINtB2_5ArenaINtNtNtB4_5nodes5gnode5GNodemyEE13iter_occupiedCs2TRSwvI9cvt_11integration
FNDA:144891,_RNvMNtCseDZzA6aojIt_15torrust_mudlark5arenaINtB2_5ArenaINtNtNtB4_5nodes5gnode5GNodemyEE3getCs2TRSwvI9cvt_11integration
FNDA:10,_RNvMNtCseDZzA6aojIt_15torrust_mudlark5arenaINtB2_5ArenaINtNtNtB4_5nodes5gnode5GNodemyEE3newCs2TRSwvI9cvt_11integration
FNDA:84,_RNvMNtCseDZzA6aojIt_15torrust_mudlark5arenaINtB2_5ArenaINtNtNtB4_5nodes5gnode5GNodemyEE5allocCs2TRSwvI9cvt_11integration
FNDA:6,_RNvMNtCseDZzA6aojIt_15torrust_mudlark5arenaINtB2_5ArenaINtNtNtB4_5nodes5gnode5GNodemyEE5countCs2TRSwvI9cvt_11integration
FNDA:18,_RNvMNtCseDZzA6aojIt_15torrust_mudlark5arenaINtB2_5ArenaINtNtNtB4_5nodes5gnode5GNodemyEE7deallocCs2TRSwvI9cvt_11integration
FNDA:3585,_RNvMNtCseDZzA6aojIt_15torrust_mudlark5arenaINtB2_5ArenaINtNtNtB4_5nodes5gnode5GNodemyEE7get_mutCs2TRSwvI9cvt_11integration
FNDA:307328,_RNvMNtCseDZzA6aojIt_15torrust_mudlark5arenaINtB2_5ArenaINtNtNtB4_5nodes5vnode5VNodeyEE11is_occupiedCs2TRSwvI9cvt_11integration
FNDA:454,_RNvMNtCseDZzA6aojIt_15torrust_mudlark5arenaINtB2_5ArenaINtNtNtB4_5nodes5vnode5VNodeyEE12set_occupiedCs2TRSwvI9cvt_11integration
FNDA:1646,_RNvMNtCseDZzA6aojIt_15torrust_mudlark5arenaINtB2_5ArenaINtNtNtB4_5nodes5vnode5VNodeyEE13iter_occupiedCs2TRSwvI9cvt_11integration
FNDA:233692,_RNvMNtCseDZzA6aojIt_15torrust_mudlark5arenaINtB2_5ArenaINtNtNtB4_5nodes5vnode5VNodeyEE3getCs2TRSwvI9cvt_11integration
FNDA:10,_RNvMNtCseDZzA6aojIt_15torrust_mudlark5arenaINtB2_5ArenaINtNtNtB4_5nodes5vnode5VNodeyEE3newCs2TRSwvI9cvt_11integration
FNDA:282,_RNvMNtCseDZzA6aojIt_15torrust_mudlark5arenaINtB2_5ArenaINtNtNtB4_5nodes5vnode5VNodeyEE5allocCs2TRSwvI9cvt_11integration
FNDA:799,_RNvMNtCseDZzA6aojIt_15torrust_mudlark5arenaINtB2_5ArenaINtNtNtB4_5nodes5vnode5VNodeyEE5countCs2TRSwvI9cvt_11integration
FNDA:172,_RNvMNtCseDZzA6aojIt_15torrust_mudlark5arenaINtB2_5ArenaINtNtNtB4_5nodes5vnode5VNodeyEE7deallocCs2TRSwvI9cvt_11integration
FNDA:6312,_RNvMNtCseDZzA6aojIt_15torrust_mudlark5arenaINtB2_5ArenaINtNtNtB4_5nodes5vnode5VNodeyEE7get_mutCs2TRSwvI9cvt_11integration
FNDA:0,_RNCNvMNtCseDZzA6aojIt_15torrust_mudlark5arenaINtB4_5ArenaINtNtNtB6_5nodes5gnode5GNodemyEE13iter_occupied0CslbovFV5ulP4_14snapshot_tests
FNDA:0,_RNCNvMNtCseDZzA6aojIt_15torrust_mudlark5arenaINtB4_5ArenaINtNtNtB6_5nodes5gnode5GNodemyEE13iter_occupieds_0CslbovFV5ulP4_14snapshot_tests
FNDA:1730,_RNCNvMNtCseDZzA6aojIt_15torrust_mudlark5arenaINtB4_5ArenaINtNtNtB6_5nodes5vnode5VNodeyEE13iter_occupied0CslbovFV5ulP4_14snapshot_tests
FNDA:1694,_RNCNvMNtCseDZzA6aojIt_15torrust_mudlark5arenaINtB4_5ArenaINtNtNtB6_5nodes5vnode5VNodeyEE13iter_occupieds_0CslbovFV5ulP4_14snapshot_tests
FNDA:8653,_RNvMNtCseDZzA6aojIt_15torrust_mudlark5arenaINtB2_5ArenaINtNtNtB4_5nodes5gnode5GNodemyEE11is_occupiedCslbovFV5ulP4_14snapshot_tests
FNDA:34,_RNvMNtCseDZzA6aojIt_15torrust_mudlark5arenaINtB2_5ArenaINtNtNtB4_5nodes5gnode5GNodemyEE12set_occupiedCslbovFV5ulP4_14snapshot_tests
FNDA:0,_RNvMNtCseDZzA6aojIt_15torrust_mudlark5arenaINtB2_5ArenaINtNtNtB4_5nodes5gnode5GNodemyEE13iter_occupiedCslbovFV5ulP4_14snapshot_tests
FNDA:7804,_RNvMNtCseDZzA6aojIt_15torrust_mudlark5arenaINtB2_5ArenaINtNtNtB4_5nodes5gnode5GNodemyEE3getCslbovFV5ulP4_14snapshot_tests
FNDA:4,_RNvMNtCseDZzA6aojIt_15torrust_mudlark5arenaINtB2_5ArenaINtNtNtB4_5nodes5gnode5GNodemyEE3newCslbovFV5ulP4_14snapshot_tests
FNDA:34,_RNvMNtCseDZzA6aojIt_15torrust_mudlark5arenaINtB2_5ArenaINtNtNtB4_5nodes5gnode5GNodemyEE5allocCslbovFV5ulP4_14snapshot_tests
FNDA:0,_RNvMNtCseDZzA6aojIt_15torrust_mudlark5arenaINtB2_5ArenaINtNtNtB4_5nodes5gnode5GNodemyEE7deallocCslbovFV5ulP4_14snapshot_tests
FNDA:467,_RNvMNtCseDZzA6aojIt_15torrust_mudlark5arenaINtB2_5ArenaINtNtNtB4_5nodes5gnode5GNodemyEE7get_mutCslbovFV5ulP4_14snapshot_tests
FNDA:12050,_RNvMNtCseDZzA6aojIt_15torrust_mudlark5arenaINtB2_5ArenaINtNtNtB4_5nodes5vnode5VNodeyEE11is_occupiedCslbovFV5ulP4_14snapshot_tests
FNDA:67,_RNvMNtCseDZzA6aojIt_15torrust_mudlark5arenaINtB2_5ArenaINtNtNtB4_5nodes5vnode5VNodeyEE12set_occupiedCslbovFV5ulP4_14snapshot_tests
FNDA:194,_RNvMNtCseDZzA6aojIt_15torrust_mudlark5arenaINtB2_5ArenaINtNtNtB4_5nodes5vnode5VNodeyEE13iter_occupiedCslbovFV5ulP4_14snapshot_tests
FNDA:9568,_RNvMNtCseDZzA6aojIt_15torrust_mudlark5arenaINtB2_5ArenaINtNtNtB4_5nodes5vnode5VNodeyEE3getCslbovFV5ulP4_14snapshot_tests
FNDA:4,_RNvMNtCseDZzA6aojIt_15torrust_mudlark5arenaINtB2_5ArenaINtNtNtB4_5nodes5vnode5VNodeyEE3newCslbovFV5ulP4_14snapshot_tests
FNDA:62,_RNvMNtCseDZzA6aojIt_15torrust_mudlark5arenaINtB2_5ArenaINtNtNtB4_5nodes5vnode5VNodeyEE5allocCslbovFV5ulP4_14snapshot_tests
FNDA:97,_RNvMNtCseDZzA6aojIt_15torrust_mudlark5arenaINtB2_5ArenaINtNtNtB4_5nodes5vnode5VNodeyEE5countCslbovFV5ulP4_14snapshot_tests
FNDA:5,_RNvMNtCseDZzA6aojIt_15torrust_mudlark5arenaINtB2_5ArenaINtNtNtB4_5nodes5vnode5VNodeyEE7deallocCslbovFV5ulP4_14snapshot_tests
FNDA:725,_RNvMNtCseDZzA6aojIt_15torrust_mudlark5arenaINtB2_5ArenaINtNtNtB4_5nodes5vnode5VNodeyEE7get_mutCslbovFV5ulP4_14snapshot_tests
FNDA:1,_RNvNtNtNtCs1k5AbIZFFzF_15torrust_mudlark5arena5tests5allocs_17reuses_freed_slot
FNDA:1,_RNvNtNtNtCs1k5AbIZFFzF_15torrust_mudlark5arena5tests5allocs_22increases_count_by_one
FNDA:1,_RNvNtNtNtCs1k5AbIZFFzF_15torrust_mudlark5arena5tests5allocs_47returns_incrementing_indices_when_no_free_slots
FNDA:1,_RNvNtNtNtCs1k5AbIZFFzF_15torrust_mudlark5arena5tests3gets_24returns_the_stored_value
FNDA:1,_RNvNtNtNtCs1k5AbIZFFzF_15torrust_mudlark5arena5tests3news_12starts_empty
FNDA:1,_RNvNtNtNtCs1k5AbIZFFzF_15torrust_mudlark5arena5tests11is_occupieds_19is_true_after_alloc
FNDA:1,_RNvNtNtNtCs1k5AbIZFFzF_15torrust_mudlark5arena5tests11is_occupieds_22is_false_after_dealloc
FNDA:1,_RNvNtNtNtCs1k5AbIZFFzF_15torrust_mudlark5arena5tests11is_occupieds_31is_false_for_out_of_range_index
FNDA:1,_RNvNtNtNtCs1k5AbIZFFzF_15torrust_mudlark5arena5tests3fmts_33produces_a_non_empty_debug_string
FNDA:1,_RNvNtNtNtCs1k5AbIZFFzF_15torrust_mudlark5arena5tests7get_muts_24allows_mutation_in_place
FNDA:1,_RNvNtNtNtCs1k5AbIZFFzF_15torrust_mudlark5arena5tests7defaults_30starts_empty_via_default_trait
FNDA:1,_RNvNtNtNtCs1k5AbIZFFzF_15torrust_mudlark5arena5tests5clones_20clone_has_same_count
FNDA:1,_RNvNtNtNtCs1k5AbIZFFzF_15torrust_mudlark5arena5tests5clones_20clone_is_independent
FNDA:1,_RNvNtNtNtCs1k5AbIZFFzF_15torrust_mudlark5arena5tests13iter_occupieds_23skips_deallocated_slots
FNDA:1,_RNvNtNtNtCs1k5AbIZFFzF_15torrust_mudlark5arena5tests13iter_occupieds_26yields_all_allocated_slots
FNDA:1,_RNvNtNtNtCs1k5AbIZFFzF_15torrust_mudlark5arena5tests13iter_occupieds_30yields_nothing_for_empty_arena
FNDA:1,_RNvNtNtNtCs1k5AbIZFFzF_15torrust_mudlark5arena5tests7deallocs_22decreases_count_by_one
FNDA:1,_RNvNtNtNtCs1k5AbIZFFzF_15torrust_mudlark5arena5tests7deallocs_24returns_the_stored_value
FNDA:112,_RNCNvMNtCs1k5AbIZFFzF_15torrust_mudlark5arenaINtB4_5ArenaINtNtNtB6_5nodes5gnode5GNodehmEE13iter_occupied0B6_
FNDA:112,_RNCNvMNtCs1k5AbIZFFzF_15torrust_mudlark5arenaINtB4_5ArenaINtNtNtB6_5nodes5gnode5GNodehmEE13iter_occupieds_0B6_
FNDA:4273,_RNCNvMNtCs1k5AbIZFFzF_15torrust_mudlark5arenaINtB4_5ArenaINtNtNtB6_5nodes5vnode5VNodemEE13iter_occupied0B6_
FNDA:4185,_RNCNvMNtCs1k5AbIZFFzF_15torrust_mudlark5arenaINtB4_5ArenaINtNtNtB6_5nodes5vnode5VNodemEE13iter_occupieds_0B6_
FNDA:5,_RNCNvMNtCs1k5AbIZFFzF_15torrust_mudlark5arenaINtB4_5ArenamE13iter_occupied0B6_
FNDA:4,_RNCNvMNtCs1k5AbIZFFzF_15torrust_mudlark5arenaINtB4_5ArenamE13iter_occupieds_0B6_
FNDA:25999,_RNvMNtCs1k5AbIZFFzF_15torrust_mudlark5arenaINtB2_5ArenaINtNtNtB4_5nodes5gnode5GNodehmEE11is_occupiedB4_
FNDA:476,_RNvMNtCs1k5AbIZFFzF_15torrust_mudlark5arenaINtB2_5ArenaINtNtNtB4_5nodes5gnode5GNodehmEE12set_occupiedB4_
FNDA:32,_RNvMNtCs1k5AbIZFFzF_15torrust_mudlark5arenaINtB2_5ArenaINtNtNtB4_5nodes5gnode5GNodehmEE13iter_occupiedB4_
FNDA:23579,_RNvMNtCs1k5AbIZFFzF_15torrust_mudlark5arenaINtB2_5ArenaINtNtNtB4_5nodes5gnode5GNodehmEE3getB4_
FNDA:159,_RNvMNtCs1k5AbIZFFzF_15torrust_mudlark5arenaINtB2_5ArenaINtNtNtB4_5nodes5gnode5GNodehmEE3newB4_
FNDA:475,_RNvMNtCs1k5AbIZFFzF_15torrust_mudlark5arenaINtB2_5ArenaINtNtNtB4_5nodes5gnode5GNodehmEE5allocB4_
FNDA:6,_RNvMNtCs1k5AbIZFFzF_15torrust_mudlark5arenaINtB2_5ArenaINtNtNtB4_5nodes5gnode5GNodehmEE5countB4_
FNDA:1,_RNvMNtCs1k5AbIZFFzF_15torrust_mudlark5arenaINtB2_5ArenaINtNtNtB4_5nodes5gnode5GNodehmEE7deallocB4_
FNDA:1470,_RNvMNtCs1k5AbIZFFzF_15torrust_mudlark5arenaINtB2_5ArenaINtNtNtB4_5nodes5gnode5GNodehmEE7get_mutB4_
FNDA:32108,_RNvMNtCs1k5AbIZFFzF_15torrust_mudlark5arenaINtB2_5ArenaINtNtNtB4_5nodes5vnode5VNodemEE11is_occupiedB4_
FNDA:843,_RNvMNtCs1k5AbIZFFzF_15torrust_mudlark5arenaINtB2_5ArenaINtNtNtB4_5nodes5vnode5VNodemEE12set_occupiedB4_
FNDA:496,_RNvMNtCs1k5AbIZFFzF_15torrust_mudlark5arenaINtB2_5ArenaINtNtNtB4_5nodes5vnode5VNodemEE13iter_occupiedB4_
FNDA:25479,_RNvMNtCs1k5AbIZFFzF_15torrust_mudlark5arenaINtB2_5ArenaINtNtNtB4_5nodes5vnode5VNodemEE3getB4_
FNDA:165,_RNvMNtCs1k5AbIZFFzF_15torrust_mudlark5arenaINtB2_5ArenaINtNtNtB4_5nodes5vnode5VNodemEE3newB4_
FNDA:793,_RNvMNtCs1k5AbIZFFzF_15torrust_mudlark5arenaINtB2_5ArenaINtNtNtB4_5nodes5vnode5VNodemEE5allocB4_
FNDA:220,_RNvMNtCs1k5AbIZFFzF_15torrust_mudlark5arenaINtB2_5ArenaINtNtNtB4_5nodes5vnode5VNodemEE5countB4_
FNDA:50,_RNvMNtCs1k5AbIZFFzF_15torrust_mudlark5arenaINtB2_5ArenaINtNtNtB4_5nodes5vnode5VNodemEE7deallocB4_
FNDA:1962,_RNvMNtCs1k5AbIZFFzF_15torrust_mudlark5arenaINtB2_5ArenaINtNtNtB4_5nodes5vnode5VNodemEE7get_mutB4_
FNDA:18,_RNvMNtCs1k5AbIZFFzF_15torrust_mudlark5arenaINtB2_5ArenamE11is_occupiedB4_
FNDA:26,_RNvMNtCs1k5AbIZFFzF_15torrust_mudlark5arenaINtB2_5ArenamE12set_occupiedB4_
FNDA:3,_RNvMNtCs1k5AbIZFFzF_15torrust_mudlark5arenaINtB2_5ArenamE13iter_occupiedB4_
FNDA:3,_RNvMNtCs1k5AbIZFFzF_15torrust_mudlark5arenaINtB2_5ArenamE3getB4_
FNDA:18,_RNvMNtCs1k5AbIZFFzF_15torrust_mudlark5arenaINtB2_5ArenamE3newB4_
FNDA:21,_RNvMNtCs1k5AbIZFFzF_15torrust_mudlark5arenaINtB2_5ArenamE5allocB4_
FNDA:6,_RNvMNtCs1k5AbIZFFzF_15torrust_mudlark5arenaINtB2_5ArenamE5countB4_
FNDA:5,_RNvMNtCs1k5AbIZFFzF_15torrust_mudlark5arenaINtB2_5ArenamE7deallocB4_
FNDA:2,_RNvMNtCs1k5AbIZFFzF_15torrust_mudlark5arenaINtB2_5ArenamE7get_mutB4_
FNDA:1,_RNvXs0_NtCs1k5AbIZFFzF_15torrust_mudlark5arenaINtB5_5ArenamENtNtCs3uU3XqY3HYS_4core3fmt5Debug3fmtB7_
FNDA:2,_RNvXs1_NtCs1k5AbIZFFzF_15torrust_mudlark5arenaINtB5_5ArenamENtNtCs3uU3XqY3HYS_4core5clone5Clone5cloneB7_
FNDA:1,_RNvXs_NtCs1k5AbIZFFzF_15torrust_mudlark5arenaINtB4_5ArenamENtNtCs3uU3XqY3HYS_4core7default7Default7defaultB6_
FNF:32
FNH:32
DA:15,370
DA:16,370
DA:17,370
DA:18,370
DA:19,370
DA:20,370
DA:21,370
DA:22,370
DA:26,1134
DA:27,1134
DA:28,1134
DA:30,1751
DA:31,1751
DA:32,196
DA:33,196
DA:34,196
DA:36,1555
DA:37,1555
DA:39,1555
DA:40,1555
DA:41,366
DA:42,1189
DA:43,1555
DA:45,1751
DA:46,1751
DA:47,1751
DA:48,1751
DA:50,251
DA:51,251
DA:52,251
DA:55,251
DA:57,251
DA:58,251
DA:59,251
DA:60,251
DA:64,445016
DA:65,445016
DA:66,445016
DA:69,445016
DA:70,445016
DA:73,14523
DA:74,14523
DA:75,14523
DA:78,14523
DA:79,14523
DA:83,543020
DA:84,543020
DA:85,543020
DA:86,543020
DA:87,543020
DA:89,2401
DA:90,2401
DA:91,72588
DA:92,55699
DA:93,2401
DA:95,2002
DA:96,2002
DA:97,2002
DA:98,2002
DA:99,1751
DA:100,1751
DA:101,251
DA:102,251
DA:103,2002
DA:107,1
DA:108,1
DA:109,1
DA:113,1
DA:114,1
DA:115,1
DA:116,1
DA:117,1
DA:118,1
DA:119,1
DA:123,2
DA:124,2
DA:125,2
DA:126,2
DA:127,2
DA:128,2
DA:129,2
DA:130,2
DA:142,1
DA:143,1
DA:144,1
DA:145,1
DA:153,1
DA:154,1
DA:155,1
DA:156,1
DA:157,1
DA:160,1
DA:161,1
DA:162,1
DA:163,1
DA:164,1
DA:165,1
DA:166,1
DA:169,1
DA:170,1
DA:171,1
DA:172,1
DA:173,1
DA:174,1
DA:175,1
DA:183,1
DA:184,1
DA:185,1
DA:186,1
DA:187,1
DA:195,1
DA:196,1
DA:197,1
DA:198,1
DA:199,1
DA:200,1
DA:208,1
DA:209,1
DA:210,1
DA:211,1
DA:212,1
DA:215,1
DA:216,1
DA:217,1
DA:218,1
DA:219,1
DA:220,1
DA:228,1
DA:229,1
DA:230,1
DA:231,1
DA:232,1
DA:235,1
DA:236,1
DA:237,1
DA:238,1
DA:239,1
DA:240,1
DA:243,1
DA:244,1
DA:245,1
DA:246,1
DA:254,1
DA:255,1
DA:256,1
DA:257,1
DA:258,1
DA:259,1
DA:260,1
DA:261,1
DA:262,1
DA:263,1
DA:264,1
DA:267,1
DA:268,1
DA:269,1
DA:270,1
DA:271,1
DA:272,1
DA:273,1
DA:274,1
DA:275,1
DA:278,1
DA:279,1
DA:280,1
DA:281,1
DA:289,1
DA:290,1
DA:291,1
DA:292,1
DA:300,1
DA:301,1
DA:302,1
DA:303,1
DA:304,1
DA:305,1
DA:313,1
DA:314,1
DA:315,1
DA:316,1
DA:317,1
DA:318,1
DA:319,1
DA:322,1
DA:323,1
DA:324,1
DA:325,1
DA:326,1
DA:327,1
DA:328,1
BRF:0
BRH:0
LF:192
LH:192
end_of_record
SF:/home/josecelano/Documents/git/committer/me/github/torrust/torrust-mudlark/src/diagnostics/diagnostic.rs
FN:245,_RINvNtNtCseDZzA6aojIt_15torrust_mudlark11diagnostics10diagnostic11is_ancestoryECs2TRSwvI9cvt_11integration
FN:14,_RINvNtNtCseDZzA6aojIt_15torrust_mudlark11diagnostics10diagnostic16audit_violationsyECs2TRSwvI9cvt_11integration
FN:42,_RINvNtNtCseDZzA6aojIt_15torrust_mudlark11diagnostics10diagnostic25audit_plateau_consistencymyKm10_ECs2TRSwvI9cvt_11integration
FN:105,_RINvNtNtCseDZzA6aojIt_15torrust_mudlark11diagnostics10diagnostic25diagnose_missed_violationyECs2TRSwvI9cvt_11integration
FN:20,_RNCINvNtNtCseDZzA6aojIt_15torrust_mudlark11diagnostics10diagnostic16audit_violationsyE0Cs2TRSwvI9cvt_11integration
FN:134,_RNCINvNtNtCseDZzA6aojIt_15torrust_mudlark11diagnostics10diagnostic25diagnose_missed_violationyE0Cs2TRSwvI9cvt_11integration
FN:146,_RNCINvNtNtCseDZzA6aojIt_15torrust_mudlark11diagnostics10diagnostic25diagnose_missed_violationyEs0_0Cs2TRSwvI9cvt_11integration
FN:179,_RNCINvNtNtCseDZzA6aojIt_15torrust_mudlark11diagnostics10diagnostic25diagnose_missed_violationyEs1_0Cs2TRSwvI9cvt_11integration
FN:141,_RNCINvNtNtCseDZzA6aojIt_15torrust_mudlark11diagnostics10diagnostic25diagnose_missed_violationyEs_0Cs2TRSwvI9cvt_11integration
FN:245,_RINvNtNtCseDZzA6aojIt_15torrust_mudlark11diagnostics10diagnostic11is_ancestoryECslbovFV5ulP4_14snapshot_tests
FN:14,_RINvNtNtCseDZzA6aojIt_15torrust_mudlark11diagnostics10diagnostic16audit_violationsyECslbovFV5ulP4_14snapshot_tests
FN:42,_RINvNtNtCseDZzA6aojIt_15torrust_mudlark11diagnostics10diagnostic25audit_plateau_consistencymyKm10_ECslbovFV5ulP4_14snapshot_tests
FN:105,_RINvNtNtCseDZzA6aojIt_15torrust_mudlark11diagnostics10diagnostic25diagnose_missed_violationyECslbovFV5ulP4_14snapshot_tests
FN:20,_RNCINvNtNtCseDZzA6aojIt_15torrust_mudlark11diagnostics10diagnostic16audit_violationsyE0CslbovFV5ulP4_14snapshot_tests
FN:134,_RNCINvNtNtCseDZzA6aojIt_15torrust_mudlark11diagnostics10diagnostic25diagnose_missed_violationyE0CslbovFV5ulP4_14snapshot_tests
FN:146,_RNCINvNtNtCseDZzA6aojIt_15torrust_mudlark11diagnostics10diagnostic25diagnose_missed_violationyEs0_0CslbovFV5ulP4_14snapshot_tests
FN:179,_RNCINvNtNtCseDZzA6aojIt_15torrust_mudlark11diagnostics10diagnostic25diagnose_missed_violationyEs1_0CslbovFV5ulP4_14snapshot_tests
FN:141,_RNCINvNtNtCseDZzA6aojIt_15torrust_mudlark11diagnostics10diagnostic25diagnose_missed_violationyEs_0CslbovFV5ulP4_14snapshot_tests
FN:532,_RNvNtNtNtNtCs1k5AbIZFFzF_15torrust_mudlark11diagnostics10diagnostic5tests28audit_plateau_consistency_fns_41does_not_panic_after_bootstrap_no_context
FN:526,_RNvNtNtNtNtCs1k5AbIZFFzF_15torrust_mudlark11diagnostics10diagnostic5tests28audit_plateau_consistency_fns_41does_not_panic_for_fresh_graph_no_context
FN:539,_RNvNtNtNtNtCs1k5AbIZFFzF_15torrust_mudlark11diagnostics10diagnostic5tests28audit_plateau_consistency_fns_43with_semi_internal_context_on_terminal_leaf
FN:552,_RNvNtNtNtNtCs1k5AbIZFFzF_15torrust_mudlark11diagnostics10diagnostic5tests28audit_plateau_consistency_fns_44with_semi_internal_context_on_internal_gnode
FN:326,_RNvNtNtNtCs1k5AbIZFFzF_15torrust_mudlark11diagnostics10diagnostic5tests11make_config
FN:573,_RNvNtNtNtNtCs1k5AbIZFFzF_15torrust_mudlark11diagnostics10diagnostic5tests13pl_display_fns_30internal_gnode_shows_not_basis
FN:583,_RNvNtNtNtNtCs1k5AbIZFFzF_15torrust_mudlark11diagnostics10diagnostic5tests13pl_display_fns_32terminal_leaf_shows_plateau_info
FN:245,_RINvNtNtCs1k5AbIZFFzF_15torrust_mudlark11diagnostics10diagnostic11is_ancestormEB6_
FN:14,_RINvNtNtCs1k5AbIZFFzF_15torrust_mudlark11diagnostics10diagnostic16audit_violationsmEB6_
FN:42,_RINvNtNtCs1k5AbIZFFzF_15torrust_mudlark11diagnostics10diagnostic25audit_plateau_consistencyhmKm8_EB6_
FN:105,_RINvNtNtCs1k5AbIZFFzF_15torrust_mudlark11diagnostics10diagnostic25diagnose_missed_violationmEB6_
FN:20,_RNCINvNtNtCs1k5AbIZFFzF_15torrust_mudlark11diagnostics10diagnostic16audit_violationsmE0B8_
FN:134,_RNCINvNtNtCs1k5AbIZFFzF_15torrust_mudlark11diagnostics10diagnostic25diagnose_missed_violationmE0B8_
FN:146,_RNCINvNtNtCs1k5AbIZFFzF_15torrust_mudlark11diagnostics10diagnostic25diagnose_missed_violationmEs0_0B8_
FN:179,_RNCINvNtNtCs1k5AbIZFFzF_15torrust_mudlark11diagnostics10diagnostic25diagnose_missed_violationmEs1_0B8_
FN:141,_RNCINvNtNtCs1k5AbIZFFzF_15torrust_mudlark11diagnostics10diagnostic25diagnose_missed_violationmEs_0B8_
FN:265,_RNvXNtNtCs1k5AbIZFFzF_15torrust_mudlark11diagnostics10diagnosticINtB2_2GnhmENtNtCs3uU3XqY3HYS_4core3fmt7Display3fmtB6_
FN:294,_RNvXs_NtNtCs1k5AbIZFFzF_15torrust_mudlark11diagnostics10diagnosticINtB4_2PlhmKm8_ENtNtCs3uU3XqY3HYS_4core3fmt7Display3fmtB8_
FN:492,_RNvNtNtNtNtCs1k5AbIZFFzF_15torrust_mudlark11diagnostics10diagnostic5tests13gn_display_fns_28dead_gnode_shows_dead_marker
FN:500,_RNvNtNtNtNtCs1k5AbIZFFzF_15torrust_mudlark11diagnostics10diagnostic5tests13gn_display_fns_41live_terminal_gnode_shows_state_and_range
FN:407,_RNvNtNtNtNtCs1k5AbIZFFzF_15torrust_mudlark11diagnostics10diagnostic5tests28diagnose_missed_violation_fns_41depth_two_entry_covers_full_diagnose_path
FN:374,_RNvNtNtNtNtCs1k5AbIZFFzF_15torrust_mudlark11diagnostics10diagnostic5tests28diagnose_missed_violation_fns_45does_not_panic_for_root_vnode_after_bootstrap
FN:388,_RNvNtNtNtNtCs1k5AbIZFFzF_15torrust_mudlark11diagnostics10diagnostic5tests28diagnose_missed_violation_fns_47depth_one_child_hits_grandparent_not_found_path
FN:445,_RNvNtNtNtNtCs1k5AbIZFFzF_15torrust_mudlark11diagnostics10diagnostic5tests28diagnose_missed_violation_fns_54depth_two_entry_with_evicted_parent_equals_grandparent
FN:358,_RNvNtNtNtNtCs1k5AbIZFFzF_15torrust_mudlark11diagnostics10diagnostic5tests19audit_violations_fns_35returns_empty_after_multiple_splits
FN:349,_RNvNtNtNtNtCs1k5AbIZFFzF_15torrust_mudlark11diagnostics10diagnostic5tests19audit_violations_fns_51returns_empty_for_observed_graph_with_no_violations
FN:342,_RNvNtNtNtNtCs1k5AbIZFFzF_15torrust_mudlark11diagnostics10diagnostic5tests19audit_violations_fns_55returns_empty_for_fresh_graph_with_no_violations_queued
FNDA:0,_RINvNtNtCseDZzA6aojIt_15torrust_mudlark11diagnostics10diagnostic11is_ancestoryECs2TRSwvI9cvt_11integration
FNDA:1591,_RINvNtNtCseDZzA6aojIt_15torrust_mudlark11diagnostics10diagnostic16audit_violationsyECs2TRSwvI9cvt_11integration
FNDA:0,_RINvNtNtCseDZzA6aojIt_15torrust_mudlark11diagnostics10diagnostic25audit_plateau_consistencymyKm10_ECs2TRSwvI9cvt_11integration
FNDA:0,_RINvNtNtCseDZzA6aojIt_15torrust_mudlark11diagnostics10diagnostic25diagnose_missed_violationyECs2TRSwvI9cvt_11integration
FNDA:0,_RNCINvNtNtCseDZzA6aojIt_15torrust_mudlark11diagnostics10diagnostic16audit_violationsyE0Cs2TRSwvI9cvt_11integration
FNDA:0,_RNCINvNtNtCseDZzA6aojIt_15torrust_mudlark11diagnostics10diagnostic25diagnose_missed_violationyE0Cs2TRSwvI9cvt_11integration
FNDA:0,_RNCINvNtNtCseDZzA6aojIt_15torrust_mudlark11diagnostics10diagnostic25diagnose_missed_violationyEs0_0Cs2TRSwvI9cvt_11integration
FNDA:0,_RNCINvNtNtCseDZzA6aojIt_15torrust_mudlark11diagnostics10diagnostic25diagnose_missed_violationyEs1_0Cs2TRSwvI9cvt_11integration
FNDA:0,_RNCINvNtNtCseDZzA6aojIt_15torrust_mudlark11diagnostics10diagnostic25diagnose_missed_violationyEs_0Cs2TRSwvI9cvt_11integration
FNDA:0,_RINvNtNtCseDZzA6aojIt_15torrust_mudlark11diagnostics10diagnostic11is_ancestoryECslbovFV5ulP4_14snapshot_tests
FNDA:191,_RINvNtNtCseDZzA6aojIt_15torrust_mudlark11diagnostics10diagnostic16audit_violationsyECslbovFV5ulP4_14snapshot_tests
FNDA:0,_RINvNtNtCseDZzA6aojIt_15torrust_mudlark11diagnostics10diagnostic25audit_plateau_consistencymyKm10_ECslbovFV5ulP4_14snapshot_tests
FNDA:0,_RINvNtNtCseDZzA6aojIt_15torrust_mudlark11diagnostics10diagnostic25diagnose_missed_violationyECslbovFV5ulP4_14snapshot_tests
FNDA:0,_RNCINvNtNtCseDZzA6aojIt_15torrust_mudlark11diagnostics10diagnostic16audit_violationsyE0CslbovFV5ulP4_14snapshot_tests
FNDA:0,_RNCINvNtNtCseDZzA6aojIt_15torrust_mudlark11diagnostics10diagnostic25diagnose_missed_violationyE0CslbovFV5ulP4_14snapshot_tests
FNDA:0,_RNCINvNtNtCseDZzA6aojIt_15torrust_mudlark11diagnostics10diagnostic25diagnose_missed_violationyEs0_0CslbovFV5ulP4_14snapshot_tests
FNDA:0,_RNCINvNtNtCseDZzA6aojIt_15torrust_mudlark11diagnostics10diagnostic25diagnose_missed_violationyEs1_0CslbovFV5ulP4_14snapshot_tests
FNDA:0,_RNCINvNtNtCseDZzA6aojIt_15torrust_mudlark11diagnostics10diagnostic25diagnose_missed_violationyEs_0CslbovFV5ulP4_14snapshot_tests
FNDA:1,_RNvNtNtNtNtCs1k5AbIZFFzF_15torrust_mudlark11diagnostics10diagnostic5tests28audit_plateau_consistency_fns_41does_not_panic_after_bootstrap_no_context
FNDA:1,_RNvNtNtNtNtCs1k5AbIZFFzF_15torrust_mudlark11diagnostics10diagnostic5tests28audit_plateau_consistency_fns_41does_not_panic_for_fresh_graph_no_context
FNDA:1,_RNvNtNtNtNtCs1k5AbIZFFzF_15torrust_mudlark11diagnostics10diagnostic5tests28audit_plateau_consistency_fns_43with_semi_internal_context_on_terminal_leaf
FNDA:1,_RNvNtNtNtNtCs1k5AbIZFFzF_15torrust_mudlark11diagnostics10diagnostic5tests28audit_plateau_consistency_fns_44with_semi_internal_context_on_internal_gnode
FNDA:15,_RNvNtNtNtCs1k5AbIZFFzF_15torrust_mudlark11diagnostics10diagnostic5tests11make_config
FNDA:1,_RNvNtNtNtNtCs1k5AbIZFFzF_15torrust_mudlark11diagnostics10diagnostic5tests13pl_display_fns_30internal_gnode_shows_not_basis
FNDA:1,_RNvNtNtNtNtCs1k5AbIZFFzF_15torrust_mudlark11diagnostics10diagnostic5tests13pl_display_fns_32terminal_leaf_shows_plateau_info
FNDA:1,_RINvNtNtCs1k5AbIZFFzF_15torrust_mudlark11diagnostics10diagnostic11is_ancestormEB6_
FNDA:429,_RINvNtNtCs1k5AbIZFFzF_15torrust_mudlark11diagnostics10diagnostic16audit_violationsmEB6_
FNDA:4,_RINvNtNtCs1k5AbIZFFzF_15torrust_mudlark11diagnostics10diagnostic25audit_plateau_consistencyhmKm8_EB6_
FNDA:4,_RINvNtNtCs1k5AbIZFFzF_15torrust_mudlark11diagnostics10diagnostic25diagnose_missed_violationmEB6_
FNDA:0,_RNCINvNtNtCs1k5AbIZFFzF_15torrust_mudlark11diagnostics10diagnostic16audit_violationsmE0B8_
FNDA:6,_RNCINvNtNtCs1k5AbIZFFzF_15torrust_mudlark11diagnostics10diagnostic25diagnose_missed_violationmE0B8_
FNDA:4,_RNCINvNtNtCs1k5AbIZFFzF_15torrust_mudlark11diagnostics10diagnostic25diagnose_missed_violationmEs0_0B8_
FNDA:3,_RNCINvNtNtCs1k5AbIZFFzF_15torrust_mudlark11diagnostics10diagnostic25diagnose_missed_violationmEs1_0B8_
FNDA:4,_RNCINvNtNtCs1k5AbIZFFzF_15torrust_mudlark11diagnostics10diagnostic25diagnose_missed_violationmEs_0B8_
FNDA:2,_RNvXNtNtCs1k5AbIZFFzF_15torrust_mudlark11diagnostics10diagnosticINtB2_2GnhmENtNtCs3uU3XqY3HYS_4core3fmt7Display3fmtB6_
FNDA:2,_RNvXs_NtNtCs1k5AbIZFFzF_15torrust_mudlark11diagnostics10diagnosticINtB4_2PlhmKm8_ENtNtCs3uU3XqY3HYS_4core3fmt7Display3fmtB8_
FNDA:1,_RNvNtNtNtNtCs1k5AbIZFFzF_15torrust_mudlark11diagnostics10diagnostic5tests13gn_display_fns_28dead_gnode_shows_dead_marker
FNDA:1,_RNvNtNtNtNtCs1k5AbIZFFzF_15torrust_mudlark11diagnostics10diagnostic5tests13gn_display_fns_41live_terminal_gnode_shows_state_and_range
FNDA:1,_RNvNtNtNtNtCs1k5AbIZFFzF_15torrust_mudlark11diagnostics10diagnostic5tests28diagnose_missed_violation_fns_41depth_two_entry_covers_full_diagnose_path
FNDA:1,_RNvNtNtNtNtCs1k5AbIZFFzF_15torrust_mudlark11diagnostics10diagnostic5tests28diagnose_missed_violation_fns_45does_not_panic_for_root_vnode_after_bootstrap
FNDA:1,_RNvNtNtNtNtCs1k5AbIZFFzF_15torrust_mudlark11diagnostics10diagnostic5tests28diagnose_missed_violation_fns_47depth_one_child_hits_grandparent_not_found_path
FNDA:1,_RNvNtNtNtNtCs1k5AbIZFFzF_15torrust_mudlark11diagnostics10diagnostic5tests28diagnose_missed_violation_fns_54depth_two_entry_with_evicted_parent_equals_grandparent
FNDA:1,_RNvNtNtNtNtCs1k5AbIZFFzF_15torrust_mudlark11diagnostics10diagnostic5tests19audit_violations_fns_35returns_empty_after_multiple_splits
FNDA:1,_RNvNtNtNtNtCs1k5AbIZFFzF_15torrust_mudlark11diagnostics10diagnostic5tests19audit_violations_fns_51returns_empty_for_observed_graph_with_no_violations
FNDA:1,_RNvNtNtNtNtCs1k5AbIZFFzF_15torrust_mudlark11diagnostics10diagnostic5tests19audit_violations_fns_55returns_empty_for_fresh_graph_with_no_violations_queued
FNF:27
FNH:26
DA:14,2211
DA:15,2211
DA:16,2211
DA:17,2211
DA:18,2211
DA:19,2211
DA:20,2211
DA:21,2211
DA:22,2211
DA:23,0
DA:24,0
DA:26,0
DA:29,0
DA:30,0
DA:32,2211
DA:33,2211
DA:42,4
DA:43,4
DA:44,4
DA:45,4
DA:46,4
DA:47,7
DA:48,7
DA:49,7
DA:50,7
DA:51,0
DA:54,0
DA:58,7
DA:62,4
DA:63,4
DA:64,4
DA:65,0
DA:71,4
DA:73,4
DA:74,2
DA:75,2
DA:76,2
DA:77,2
DA:78,1
DA:79,1
DA:80,0
DA:81,0
DA:82,0
DA:86,0
DA:87,0
DA:90,0
DA:91,0
DA:92,1
DA:93,1
DA:94,0
DA:95,2
DA:96,4
DA:105,4
DA:106,4
DA:107,4
DA:108,4
DA:109,4
DA:110,4
DA:111,4
DA:113,4
DA:114,1
DA:115,0
DA:118,1
DA:121,3
DA:122,3
DA:123,1
DA:124,0
DA:125,0
DA:128,1
DA:131,2
DA:132,2
DA:133,2
DA:134,6
DA:136,0
DA:139,2
DA:140,2
DA:141,4
DA:142,2
DA:144,2
DA:145,2
DA:146,4
DA:147,2
DA:149,2
DA:150,0
DA:151,0
DA:152,0
DA:153,0
DA:154,0
DA:155,0
DA:158,0
DA:162,2
DA:163,0
DA:165,0
DA:169,2
DA:170,1
DA:171,1
DA:172,0
DA:173,0
DA:177,1
DA:178,1
DA:179,3
DA:180,1
DA:181,0
DA:183,1
DA:184,0
DA:185,0
DA:189,1
DA:190,0
DA:196,0
DA:197,0
DA:198,0
DA:202,1
DA:204,2
DA:205,1
DA:206,1
DA:207,0
DA:208,0
DA:211,0
DA:212,1
DA:214,2
DA:215,2
DA:216,2
DA:217,2
DA:219,8
DA:220,8
DA:221,2
DA:222,6
DA:223,2
DA:224,4
DA:225,0
DA:228,8
DA:230,0
DA:232,0
DA:235,8
DA:236,6
DA:237,6
DA:238,6
DA:239,6
DA:240,2
DA:243,4
DA:245,1
DA:246,1
DA:247,1
DA:248,1
DA:249,1
DA:250,3
DA:251,3
DA:252,1
DA:253,2
DA:254,2
DA:256,0
DA:257,1
DA:265,2
DA:266,2
DA:267,2
DA:268,1
DA:269,1
DA:270,1
DA:271,1
DA:272,0
DA:273,0
DA:274,1
DA:276,1
DA:277,1
DA:279,1
DA:280,1
DA:281,1
DA:283,2
DA:294,2
DA:295,2
DA:296,2
DA:297,2
DA:298,1
DA:299,1
DA:300,1
DA:301,1
DA:303,1
DA:304,1
DA:306,1
DA:309,0
DA:312,1
DA:314,2
DA:326,15
DA:327,15
DA:328,15
DA:329,15
DA:330,15
DA:331,15
DA:332,15
DA:333,15
DA:334,15
DA:335,15
DA:342,1
DA:343,1
DA:344,1
DA:345,1
DA:346,1
DA:349,1
DA:350,1
DA:351,1
DA:352,1
DA:354,1
DA:355,1
DA:358,1
DA:359,1
DA:360,4
DA:361,4
DA:362,4
DA:363,1
DA:364,1
DA:365,1
DA:374,1
DA:375,1
DA:376,1
DA:377,1
DA:378,1
DA:379,1
DA:380,1
DA:381,1
DA:382,1
DA:384,1
DA:385,1
DA:388,1
DA:389,1
DA:390,1
DA:391,1
DA:393,1
DA:394,1
DA:395,0
DA:397,1
DA:398,1
DA:399,1
DA:400,1
DA:401,1
DA:403,1
DA:404,1
DA:407,1
DA:408,1
DA:410,4
DA:411,4
DA:412,4
DA:413,1
DA:415,1
DA:416,1
DA:417,6
DA:418,6
DA:419,3
DA:420,3
DA:421,1
DA:422,1
DA:424,3
DA:425,8
DA:426,8
DA:427,8
DA:429,2
DA:432,1
DA:433,0
DA:436,1
DA:437,1
DA:438,1
DA:439,1
DA:440,1
DA:441,1
DA:442,1
DA:445,1
DA:446,1
DA:447,4
DA:448,4
DA:449,4
DA:450,1
DA:452,1
DA:453,1
DA:454,6
DA:455,6
DA:456,3
DA:457,3
DA:458,1
DA:459,1
DA:460,1
DA:461,1
DA:462,1
DA:464,3
DA:465,8
DA:466,8
DA:467,8
DA:469,2
DA:472,1
DA:473,0
DA:476,1
DA:477,1
DA:478,1
DA:479,1
DA:480,1
DA:481,1
DA:482,1
DA:492,1
DA:494,1
DA:495,1
DA:496,1
DA:497,1
DA:500,1
DA:501,1
DA:502,1
DA:504,1
DA:505,1
DA:506,1
DA:507,1
DA:508,1
DA:509,1
DA:510,1
DA:511,0
DA:513,0
DA:514,1
DA:526,1
DA:527,1
DA:528,1
DA:529,1
DA:532,1
DA:533,1
DA:534,1
DA:535,1
DA:536,1
DA:539,1
DA:540,1
DA:541,1
DA:544,1
DA:545,1
DA:546,1
DA:547,1
DA:548,1
DA:549,1
DA:552,1
DA:553,1
DA:554,1
DA:557,1
DA:558,1
DA:559,1
DA:560,1
DA:561,1
DA:562,1
DA:573,1
DA:574,1
DA:575,1
DA:577,1
DA:579,1
DA:580,1
DA:583,1
DA:584,1
DA:585,1
DA:587,1
DA:588,1
DA:589,1
BRF:0
BRH:0
LF:357
LH:303
end_of_record
SF:/home/josecelano/Documents/git/committer/me/github/torrust/torrust-mudlark/src/diagnostics/invariants.rs
FN:110,_RINvNtNtCseDZzA6aojIt_15torrust_mudlark11diagnostics10invariants10dump_gtreemyKm10_ECs2TRSwvI9cvt_11integration
FN:912,_RINvNtNtCseDZzA6aojIt_15torrust_mudlark11diagnostics10invariants13contour_stepsmyKm10_ECs2TRSwvI9cvt_11integration
FN:1321,_RINvNtNtCseDZzA6aojIt_15torrust_mudlark11diagnostics10invariants14route_to_depthmyKm10_ECs2TRSwvI9cvt_11integration
FN:725,_RINvNtNtCseDZzA6aojIt_15torrust_mudlark11diagnostics10invariants17check_hard_budgetmyKm10_ECs2TRSwvI9cvt_11integration
FN:266,_RINvNtNtCseDZzA6aojIt_15torrust_mudlark11diagnostics10invariants20check_all_invariantsmyKm10_ECs2TRSwvI9cvt_11integration
FN:307,_RINvNtNtCseDZzA6aojIt_15torrust_mudlark11diagnostics10invariants20check_g_i1_summationmyKm10_ECs2TRSwvI9cvt_11integration
FN:446,_RINvNtNtCseDZzA6aojIt_15torrust_mudlark11diagnostics10invariants20check_v_i3_max_unclemyKm10_ECs2TRSwvI9cvt_11integration
FN:464,_RINvNtNtCseDZzA6aojIt_15torrust_mudlark11diagnostics10invariants21check_v_i5_entry_leafmyKm10_ECs2TRSwvI9cvt_11integration
FN:69,_RINvNtNtCseDZzA6aojIt_15torrust_mudlark11diagnostics10invariants21semi_internal_lineagemyKm10_ECs2TRSwvI9cvt_11integration
FN:578,_RINvNtNtCseDZzA6aojIt_15torrust_mudlark11diagnostics10invariants22check_clean_accountingmyKm10_ECs2TRSwvI9cvt_11integration
FN:1277,_RINvNtNtCseDZzA6aojIt_15torrust_mudlark11diagnostics10invariants23check_p_i5_thatch_depthmyKm10_ECs2TRSwvI9cvt_11integration
FN:483,_RINvNtNtCseDZzA6aojIt_15torrust_mudlark11diagnostics10invariants23check_v_i6_exposed_flagmyKm10_ECs2TRSwvI9cvt_11integration
FN:671,_RINvNtNtCseDZzA6aojIt_15torrust_mudlark11diagnostics10invariants24check_v_root_consistencymyKm10_ECs2TRSwvI9cvt_11integration
FN:1225,_RINvNtNtCseDZzA6aojIt_15torrust_mudlark11diagnostics10invariants25check_p_i4_thatch_one_hopmyKm10_ECs2TRSwvI9cvt_11integration
FN:388,_RINvNtNtCseDZzA6aojIt_15torrust_mudlark11diagnostics10invariants25check_v_i1_structural_summyKm10_ECs2TRSwvI9cvt_11integration
FN:330,_RINvNtNtCseDZzA6aojIt_15torrust_mudlark11diagnostics10invariants26check_g_i2_variable_fanoutmyKm10_ECs2TRSwvI9cvt_11integration
FN:512,_RINvNtNtCseDZzA6aojIt_15torrust_mudlark11diagnostics10invariants26check_v_i6b_evictable_flagmyKm10_ECs2TRSwvI9cvt_11integration
FN:546,_RINvNtNtCseDZzA6aojIt_15torrust_mudlark11diagnostics10invariants26check_v_i7_structural_flagmyKm10_ECs2TRSwvI9cvt_11integration
FN:740,_RINvNtNtCseDZzA6aojIt_15torrust_mudlark11diagnostics10invariants27check_depth_gate_invariantsmyKm10_ECs2TRSwvI9cvt_11integration
FN:1154,_RINvNtNtCseDZzA6aojIt_15torrust_mudlark11diagnostics10invariants27check_p_i2_basis_minimalitymyKm10_ECs2TRSwvI9cvt_11integration
FN:430,_RINvNtNtCseDZzA6aojIt_15torrust_mudlark11diagnostics10invariants27check_v_i2_branching_factormyKm10_ECs2TRSwvI9cvt_11integration
FN:344,_RINvNtNtCseDZzA6aojIt_15torrust_mudlark11diagnostics10invariants28check_g_i4_entry_consistencymyKm10_ECs2TRSwvI9cvt_11integration
FN:694,_RINvNtNtCseDZzA6aojIt_15torrust_mudlark11diagnostics10invariants28check_node_count_consistencymyKm10_ECs2TRSwvI9cvt_11integration
FN:1019,_RINvNtNtCseDZzA6aojIt_15torrust_mudlark11diagnostics10invariants29check_p_i1_ii_tile_contiguitymyKm10_ECs2TRSwvI9cvt_11integration
FN:1194,_RINvNtNtCseDZzA6aojIt_15torrust_mudlark11diagnostics10invariants29check_p_i3_basis_disjointnessmyKm10_ECs2TRSwvI9cvt_11integration
FN:600,_RINvNtNtCseDZzA6aojIt_15torrust_mudlark11diagnostics10invariants29check_parent_link_consistencymyKm10_ECs2TRSwvI9cvt_11integration
FN:840,_RINvNtNtCseDZzA6aojIt_15torrust_mudlark11diagnostics10invariants29check_plateau_sum_consistencymyKm10_ECs2TRSwvI9cvt_11integration
FN:787,_RINvNtNtCseDZzA6aojIt_15torrust_mudlark11diagnostics10invariants31check_plateau_basis_consistencymyKm10_ECs2TRSwvI9cvt_11integration
FN:862,_RINvNtNtCseDZzA6aojIt_15torrust_mudlark11diagnostics10invariants31check_plateau_depth_consistencymyKm10_ECs2TRSwvI9cvt_11integration
FN:1086,_RINvNtNtCseDZzA6aojIt_15torrust_mudlark11diagnostics10invariants32check_p_i1_iii_run_contains_tilemyKm10_ECs2TRSwvI9cvt_11integration
FN:707,_RINvNtNtCseDZzA6aojIt_15torrust_mudlark11diagnostics10invariants32check_terminal_count_consistencymyKm10_ECs2TRSwvI9cvt_11integration
FN:960,_RINvNtNtCseDZzA6aojIt_15torrust_mudlark11diagnostics10invariants35check_p_i1_i_keys_are_contour_stepsmyKm10_ECs2TRSwvI9cvt_11integration
FN:768,_RINvNtNtCseDZzA6aojIt_15torrust_mudlark11diagnostics10invariants38check_plateau_btreemap_key_consistencymyKm10_ECs2TRSwvI9cvt_11integration
FN:902,_RINvNtNtCseDZzA6aojIt_15torrust_mudlark11diagnostics10invariants7tile_ofmyECs2TRSwvI9cvt_11integration
FN:134,_RNCINvNtNtCseDZzA6aojIt_15torrust_mudlark11diagnostics10invariants10dump_gtreemyKm10_E0Cs2TRSwvI9cvt_11integration
FN:134,_RNCINvNtNtCseDZzA6aojIt_15torrust_mudlark11diagnostics10invariants10dump_gtreemyKm10_Es_0Cs2TRSwvI9cvt_11integration
FN:948,_RNCINvNtNtCseDZzA6aojIt_15torrust_mudlark11diagnostics10invariants13contour_stepsmyKm10_E0Cs2TRSwvI9cvt_11integration
FN:314,_RNCINvNtNtCseDZzA6aojIt_15torrust_mudlark11diagnostics10invariants20check_g_i1_summationmyKm10_E0Cs2TRSwvI9cvt_11integration
FN:317,_RNCINvNtNtCseDZzA6aojIt_15torrust_mudlark11diagnostics10invariants20check_g_i1_summationmyKm10_Es_0Cs2TRSwvI9cvt_11integration
FN:1292,_RNCINvNtNtCseDZzA6aojIt_15torrust_mudlark11diagnostics10invariants23check_p_i5_thatch_depthmyKm10_E0Cs2TRSwvI9cvt_11integration
FN:1297,_RNCINvNtNtCseDZzA6aojIt_15torrust_mudlark11diagnostics10invariants23check_p_i5_thatch_depthmyKm10_Es_0Cs2TRSwvI9cvt_11integration
FN:556,_RNCINvNtNtCseDZzA6aojIt_15torrust_mudlark11diagnostics10invariants26check_v_i7_structural_flagmyKm10_E0Cs2TRSwvI9cvt_11integration
FN:1050,_RNCINvNtNtCseDZzA6aojIt_15torrust_mudlark11diagnostics10invariants29check_p_i1_ii_tile_contiguitymyKm10_E0Cs2TRSwvI9cvt_11integration
FN:1210,_RNCINvNtNtCseDZzA6aojIt_15torrust_mudlark11diagnostics10invariants29check_p_i3_basis_disjointnessmyKm10_E0Cs2TRSwvI9cvt_11integration
FN:849,_RNCINvNtNtCseDZzA6aojIt_15torrust_mudlark11diagnostics10invariants29check_plateau_sum_consistencymyKm10_E0Cs2TRSwvI9cvt_11integration
FN:850,_RNCINvNtNtCseDZzA6aojIt_15torrust_mudlark11diagnostics10invariants29check_plateau_sum_consistencymyKm10_Es_0Cs2TRSwvI9cvt_11integration
FN:715,_RNCINvNtNtCseDZzA6aojIt_15torrust_mudlark11diagnostics10invariants32check_terminal_count_consistencymyKm10_E0Cs2TRSwvI9cvt_11integration
FN:1007,_RNCINvNtNtCseDZzA6aojIt_15torrust_mudlark11diagnostics10invariants35check_p_i1_i_keys_are_contour_stepsmyKm10_Es1_0Cs2TRSwvI9cvt_11integration
FN:1210,_RNCNCINvNtNtCseDZzA6aojIt_15torrust_mudlark11diagnostics10invariants29check_p_i3_basis_disjointnessmyKm10_E00Cs2TRSwvI9cvt_11integration
FN:13,_RNvNtNtCseDZzA6aojIt_15torrust_mudlark11diagnostics10invariants11state_label
FN:25,_RNvNtNtCseDZzA6aojIt_15torrust_mudlark11diagnostics10invariants13ancestor_name
FN:21,_RNvNtNtCseDZzA6aojIt_15torrust_mudlark11diagnostics10invariants18fmt_optional_gnode
FN:22,_RNCNvNtNtCseDZzA6aojIt_15torrust_mudlark11diagnostics10invariants18fmt_optional_gnode0B7_
FN:22,_RNCNvNtNtCseDZzA6aojIt_15torrust_mudlark11diagnostics10invariants18fmt_optional_gnodes_0B7_
FN:110,_RINvNtNtCseDZzA6aojIt_15torrust_mudlark11diagnostics10invariants10dump_gtreemyKm10_ECslbovFV5ulP4_14snapshot_tests
FN:69,_RINvNtNtCseDZzA6aojIt_15torrust_mudlark11diagnostics10invariants21semi_internal_lineagemyKm10_ECslbovFV5ulP4_14snapshot_tests
FN:134,_RNCINvNtNtCseDZzA6aojIt_15torrust_mudlark11diagnostics10invariants10dump_gtreemyKm10_E0CslbovFV5ulP4_14snapshot_tests
FN:134,_RNCINvNtNtCseDZzA6aojIt_15torrust_mudlark11diagnostics10invariants10dump_gtreemyKm10_Es_0CslbovFV5ulP4_14snapshot_tests
FN:1461,_RNvNtNtNtNtCs1k5AbIZFFzF_15torrust_mudlark11diagnostics10invariants5tests16dump_plateaus_fns_27works_after_multiple_splits
FN:1446,_RNvNtNtNtNtCs1k5AbIZFFzF_15torrust_mudlark11diagnostics10invariants5tests16dump_plateaus_fns_40returns_non_empty_string_for_fresh_graph
FN:1453,_RNvNtNtNtNtCs1k5AbIZFFzF_15torrust_mudlark11diagnostics10invariants5tests16dump_plateaus_fns_51output_contains_plateau_dump_header_after_bootstrap
FN:1373,_RNvNtNtNtNtCs1k5AbIZFFzF_15torrust_mudlark11diagnostics10invariants5tests20assert_invariants_fns_30does_not_panic_for_fresh_graph
FN:1385,_RNvNtNtNtNtCs1k5AbIZFFzF_15torrust_mudlark11diagnostics10invariants5tests20assert_invariants_fns_36does_not_panic_after_bootstrap_split
FN:1378,_RNvNtNtNtNtCs1k5AbIZFFzF_15torrust_mudlark11diagnostics10invariants5tests20assert_invariants_fns_39does_not_panic_after_single_observation
FN:1392,_RNvNtNtNtNtCs1k5AbIZFFzF_15torrust_mudlark11diagnostics10invariants5tests20assert_invariants_fns_42does_not_panic_after_multiple_observations
FN:1405,_RNvNtNtNtNtCs1k5AbIZFFzF_15torrust_mudlark11diagnostics10invariants5tests23check_all_invariants_fns_36returns_empty_errors_for_fresh_graph
FN:1411,_RNvNtNtNtNtCs1k5AbIZFFzF_15torrust_mudlark11diagnostics10invariants5tests23check_all_invariants_fns_39returns_empty_errors_after_observations
FN:1432,_RNvNtNtNtNtCs1k5AbIZFFzF_15torrust_mudlark11diagnostics10invariants5tests13dump_gtree_fns_29output_contains_g_tree_header
FN:1425,_RNvNtNtNtNtCs1k5AbIZFFzF_15torrust_mudlark11diagnostics10invariants5tests13dump_gtree_fns_40returns_non_empty_string_for_fresh_graph
FN:13,_RNvNtNtCs1k5AbIZFFzF_15torrust_mudlark11diagnostics10invariants11state_label
FN:25,_RNvNtNtCs1k5AbIZFFzF_15torrust_mudlark11diagnostics10invariants13ancestor_name
FN:21,_RNvNtNtCs1k5AbIZFFzF_15torrust_mudlark11diagnostics10invariants18fmt_optional_gnode
FN:110,_RINvNtNtCs1k5AbIZFFzF_15torrust_mudlark11diagnostics10invariants10dump_gtreehmKm8_EB6_
FN:912,_RINvNtNtCs1k5AbIZFFzF_15torrust_mudlark11diagnostics10invariants13contour_stepshmKm8_EB6_
FN:149,_RINvNtNtCs1k5AbIZFFzF_15torrust_mudlark11diagnostics10invariants13dump_plateaushmKm8_EB6_
FN:1321,_RINvNtNtCs1k5AbIZFFzF_15torrust_mudlark11diagnostics10invariants14route_to_depthhmKm8_EB6_
FN:62,_RINvNtNtCs1k5AbIZFFzF_15torrust_mudlark11diagnostics10invariants15check_p_i3_onlyhmKm8_EB6_
FN:34,_RINvNtNtCs1k5AbIZFFzF_15torrust_mudlark11diagnostics10invariants17assert_invariantshmKm8_EB6_
FN:725,_RINvNtNtCs1k5AbIZFFzF_15torrust_mudlark11diagnostics10invariants17check_hard_budgethmKm8_EB6_
FN:46,_RINvNtNtCs1k5AbIZFFzF_15torrust_mudlark11diagnostics10invariants18check_plateau_onlyhmKm8_EB6_
FN:266,_RINvNtNtCs1k5AbIZFFzF_15torrust_mudlark11diagnostics10invariants20check_all_invariantshmKm8_EB6_
FN:307,_RINvNtNtCs1k5AbIZFFzF_15torrust_mudlark11diagnostics10invariants20check_g_i1_summationhmKm8_EB6_
FN:446,_RINvNtNtCs1k5AbIZFFzF_15torrust_mudlark11diagnostics10invariants20check_v_i3_max_unclehmKm8_EB6_
FN:464,_RINvNtNtCs1k5AbIZFFzF_15torrust_mudlark11diagnostics10invariants21check_v_i5_entry_leafhmKm8_EB6_
FN:69,_RINvNtNtCs1k5AbIZFFzF_15torrust_mudlark11diagnostics10invariants21semi_internal_lineagehmKm8_EB6_
FN:578,_RINvNtNtCs1k5AbIZFFzF_15torrust_mudlark11diagnostics10invariants22check_clean_accountinghmKm8_EB6_
FN:1277,_RINvNtNtCs1k5AbIZFFzF_15torrust_mudlark11diagnostics10invariants23check_p_i5_thatch_depthhmKm8_EB6_
FN:483,_RINvNtNtCs1k5AbIZFFzF_15torrust_mudlark11diagnostics10invariants23check_v_i6_exposed_flaghmKm8_EB6_
FN:671,_RINvNtNtCs1k5AbIZFFzF_15torrust_mudlark11diagnostics10invariants24check_v_root_consistencyhmKm8_EB6_
FN:1225,_RINvNtNtCs1k5AbIZFFzF_15torrust_mudlark11diagnostics10invariants25check_p_i4_thatch_one_hophmKm8_EB6_
FN:388,_RINvNtNtCs1k5AbIZFFzF_15torrust_mudlark11diagnostics10invariants25check_v_i1_structural_sumhmKm8_EB6_
FN:330,_RINvNtNtCs1k5AbIZFFzF_15torrust_mudlark11diagnostics10invariants26check_g_i2_variable_fanouthmKm8_EB6_
FN:512,_RINvNtNtCs1k5AbIZFFzF_15torrust_mudlark11diagnostics10invariants26check_v_i6b_evictable_flaghmKm8_EB6_
FN:546,_RINvNtNtCs1k5AbIZFFzF_15torrust_mudlark11diagnostics10invariants26check_v_i7_structural_flaghmKm8_EB6_
FN:740,_RINvNtNtCs1k5AbIZFFzF_15torrust_mudlark11diagnostics10invariants27check_depth_gate_invariantshmKm8_EB6_
FN:1154,_RINvNtNtCs1k5AbIZFFzF_15torrust_mudlark11diagnostics10invariants27check_p_i2_basis_minimalityhmKm8_EB6_
FN:430,_RINvNtNtCs1k5AbIZFFzF_15torrust_mudlark11diagnostics10invariants27check_v_i2_branching_factorhmKm8_EB6_
FN:344,_RINvNtNtCs1k5AbIZFFzF_15torrust_mudlark11diagnostics10invariants28check_g_i4_entry_consistencyhmKm8_EB6_
FN:694,_RINvNtNtCs1k5AbIZFFzF_15torrust_mudlark11diagnostics10invariants28check_node_count_consistencyhmKm8_EB6_
FN:1019,_RINvNtNtCs1k5AbIZFFzF_15torrust_mudlark11diagnostics10invariants29check_p_i1_ii_tile_contiguityhmKm8_EB6_
FN:1194,_RINvNtNtCs1k5AbIZFFzF_15torrust_mudlark11diagnostics10invariants29check_p_i3_basis_disjointnesshmKm8_EB6_
FN:600,_RINvNtNtCs1k5AbIZFFzF_15torrust_mudlark11diagnostics10invariants29check_parent_link_consistencyhmKm8_EB6_
FN:840,_RINvNtNtCs1k5AbIZFFzF_15torrust_mudlark11diagnostics10invariants29check_plateau_sum_consistencyhmKm8_EB6_
FN:787,_RINvNtNtCs1k5AbIZFFzF_15torrust_mudlark11diagnostics10invariants31check_plateau_basis_consistencyhmKm8_EB6_
FN:862,_RINvNtNtCs1k5AbIZFFzF_15torrust_mudlark11diagnostics10invariants31check_plateau_depth_consistencyhmKm8_EB6_
FN:1086,_RINvNtNtCs1k5AbIZFFzF_15torrust_mudlark11diagnostics10invariants32check_p_i1_iii_run_contains_tilehmKm8_EB6_
FN:707,_RINvNtNtCs1k5AbIZFFzF_15torrust_mudlark11diagnostics10invariants32check_terminal_count_consistencyhmKm8_EB6_
FN:960,_RINvNtNtCs1k5AbIZFFzF_15torrust_mudlark11diagnostics10invariants35check_p_i1_i_keys_are_contour_stepshmKm8_EB6_
FN:768,_RINvNtNtCs1k5AbIZFFzF_15torrust_mudlark11diagnostics10invariants38check_plateau_btreemap_key_consistencyhmKm8_EB6_
FN:902,_RINvNtNtCs1k5AbIZFFzF_15torrust_mudlark11diagnostics10invariants7tile_ofhmEB6_
FN:134,_RNCINvNtNtCs1k5AbIZFFzF_15torrust_mudlark11diagnostics10invariants10dump_gtreehmKm8_E0B8_
FN:134,_RNCINvNtNtCs1k5AbIZFFzF_15torrust_mudlark11diagnostics10invariants10dump_gtreehmKm8_Es_0B8_
FN:948,_RNCINvNtNtCs1k5AbIZFFzF_15torrust_mudlark11diagnostics10invariants13contour_stepshmKm8_E0B8_
FN:173,_RNCINvNtNtCs1k5AbIZFFzF_15torrust_mudlark11diagnostics10invariants13dump_plateaushmKm8_E0B8_
FN:175,_RNCINvNtNtCs1k5AbIZFFzF_15torrust_mudlark11diagnostics10invariants13dump_plateaushmKm8_Es0_0B8_
FN:175,_RNCINvNtNtCs1k5AbIZFFzF_15torrust_mudlark11diagnostics10invariants13dump_plateaushmKm8_Es1_0B8_
FN:189,_RNCINvNtNtCs1k5AbIZFFzF_15torrust_mudlark11diagnostics10invariants13dump_plateaushmKm8_Es2_0B8_
FN:211,_RNCINvNtNtCs1k5AbIZFFzF_15torrust_mudlark11diagnostics10invariants13dump_plateaushmKm8_Es3_0B8_
FN:211,_RNCINvNtNtCs1k5AbIZFFzF_15torrust_mudlark11diagnostics10invariants13dump_plateaushmKm8_Es4_0B8_
FN:214,_RNCINvNtNtCs1k5AbIZFFzF_15torrust_mudlark11diagnostics10invariants13dump_plateaushmKm8_Es5_0B8_
FN:214,_RNCINvNtNtCs1k5AbIZFFzF_15torrust_mudlark11diagnostics10invariants13dump_plateaushmKm8_Es6_0B8_
FN:217,_RNCINvNtNtCs1k5AbIZFFzF_15torrust_mudlark11diagnostics10invariants13dump_plateaushmKm8_Es7_0B8_
FN:217,_RNCINvNtNtCs1k5AbIZFFzF_15torrust_mudlark11diagnostics10invariants13dump_plateaushmKm8_Es8_0B8_
FN:237,_RNCINvNtNtCs1k5AbIZFFzF_15torrust_mudlark11diagnostics10invariants13dump_plateaushmKm8_Es9_0B8_
FN:174,_RNCINvNtNtCs1k5AbIZFFzF_15torrust_mudlark11diagnostics10invariants13dump_plateaushmKm8_Es_0B8_
FN:314,_RNCINvNtNtCs1k5AbIZFFzF_15torrust_mudlark11diagnostics10invariants20check_g_i1_summationhmKm8_E0B8_
FN:317,_RNCINvNtNtCs1k5AbIZFFzF_15torrust_mudlark11diagnostics10invariants20check_g_i1_summationhmKm8_Es_0B8_
FN:1292,_RNCINvNtNtCs1k5AbIZFFzF_15torrust_mudlark11diagnostics10invariants23check_p_i5_thatch_depthhmKm8_E0B8_
FN:1297,_RNCINvNtNtCs1k5AbIZFFzF_15torrust_mudlark11diagnostics10invariants23check_p_i5_thatch_depthhmKm8_Es_0B8_
FN:556,_RNCINvNtNtCs1k5AbIZFFzF_15torrust_mudlark11diagnostics10invariants26check_v_i7_structural_flaghmKm8_E0B8_
FN:1050,_RNCINvNtNtCs1k5AbIZFFzF_15torrust_mudlark11diagnostics10invariants29check_p_i1_ii_tile_contiguityhmKm8_E0B8_
FN:1210,_RNCINvNtNtCs1k5AbIZFFzF_15torrust_mudlark11diagnostics10invariants29check_p_i3_basis_disjointnesshmKm8_E0B8_
FN:849,_RNCINvNtNtCs1k5AbIZFFzF_15torrust_mudlark11diagnostics10invariants29check_plateau_sum_consistencyhmKm8_E0B8_
FN:850,_RNCINvNtNtCs1k5AbIZFFzF_15torrust_mudlark11diagnostics10invariants29check_plateau_sum_consistencyhmKm8_Es_0B8_
FN:715,_RNCINvNtNtCs1k5AbIZFFzF_15torrust_mudlark11diagnostics10invariants32check_terminal_count_consistencyhmKm8_E0B8_
FN:1007,_RNCINvNtNtCs1k5AbIZFFzF_15torrust_mudlark11diagnostics10invariants35check_p_i1_i_keys_are_contour_stepshmKm8_Es1_0B8_
FN:1210,_RNCNCINvNtNtCs1k5AbIZFFzF_15torrust_mudlark11diagnostics10invariants29check_p_i3_basis_disjointnesshmKm8_E00Ba_
FN:22,_RNCNvNtNtCs1k5AbIZFFzF_15torrust_mudlark11diagnostics10invariants18fmt_optional_gnode0B7_
FN:22,_RNCNvNtNtCs1k5AbIZFFzF_15torrust_mudlark11diagnostics10invariants18fmt_optional_gnodes_0B7_
FN:1353,_RNvNtNtNtCs1k5AbIZFFzF_15torrust_mudlark11diagnostics10invariants5tests11make_config
FN:1364,_RNvNtNtNtCs1k5AbIZFFzF_15torrust_mudlark11diagnostics10invariants5tests5fresh
FN:1478,_RNvNtNtNtNtCs1k5AbIZFFzF_15torrust_mudlark11diagnostics10invariants5tests21check_plateau_only_fns_25no_errors_for_fresh_graph
FN:1486,_RNvNtNtNtNtCs1k5AbIZFFzF_15torrust_mudlark11diagnostics10invariants5tests21check_plateau_only_fns_31no_errors_after_bootstrap_split
FN:1495,_RNvNtNtNtNtCs1k5AbIZFFzF_15torrust_mudlark11diagnostics10invariants5tests21check_plateau_only_fns_31no_errors_after_multiple_splits
FN:1512,_RNvNtNtNtNtCs1k5AbIZFFzF_15torrust_mudlark11diagnostics10invariants5tests18check_p_i3_only_fns_25no_errors_for_fresh_graph
FN:1520,_RNvNtNtNtNtCs1k5AbIZFFzF_15torrust_mudlark11diagnostics10invariants5tests18check_p_i3_only_fns_31no_errors_after_multiple_splits
FN:1533,_RNvNtNtNtNtCs1k5AbIZFFzF_15torrust_mudlark11diagnostics10invariants5tests16ancestor_name_fns_17depth_1_is_parent
FN:1538,_RNvNtNtNtNtCs1k5AbIZFFzF_15torrust_mudlark11diagnostics10invariants5tests16ancestor_name_fns_22depth_2_is_grandparent
FN:1548,_RNvNtNtNtNtCs1k5AbIZFFzF_15torrust_mudlark11diagnostics10invariants5tests16ancestor_name_fns_24depth_4_uses_format_path
FN:1543,_RNvNtNtNtNtCs1k5AbIZFFzF_15torrust_mudlark11diagnostics10invariants5tests16ancestor_name_fns_28depth_3_is_great_grandparent
FNDA:0,_RINvNtNtCseDZzA6aojIt_15torrust_mudlark11diagnostics10invariants10dump_gtreemyKm10_ECs2TRSwvI9cvt_11integration
FNDA:6,_RINvNtNtCseDZzA6aojIt_15torrust_mudlark11diagnostics10invariants13contour_stepsmyKm10_ECs2TRSwvI9cvt_11integration
FNDA:24,_RINvNtNtCseDZzA6aojIt_15torrust_mudlark11diagnostics10invariants14route_to_depthmyKm10_ECs2TRSwvI9cvt_11integration
FNDA:6,_RINvNtNtCseDZzA6aojIt_15torrust_mudlark11diagnostics10invariants17check_hard_budgetmyKm10_ECs2TRSwvI9cvt_11integration
FNDA:6,_RINvNtNtCseDZzA6aojIt_15torrust_mudlark11diagnostics10invariants20check_all_invariantsmyKm10_ECs2TRSwvI9cvt_11integration
FNDA:6,_RINvNtNtCseDZzA6aojIt_15torrust_mudlark11diagnostics10invariants20check_g_i1_summationmyKm10_ECs2TRSwvI9cvt_11integration
FNDA:6,_RINvNtNtCseDZzA6aojIt_15torrust_mudlark11diagnostics10invariants20check_v_i3_max_unclemyKm10_ECs2TRSwvI9cvt_11integration
FNDA:6,_RINvNtNtCseDZzA6aojIt_15torrust_mudlark11diagnostics10invariants21check_v_i5_entry_leafmyKm10_ECs2TRSwvI9cvt_11integration
FNDA:0,_RINvNtNtCseDZzA6aojIt_15torrust_mudlark11diagnostics10invariants21semi_internal_lineagemyKm10_ECs2TRSwvI9cvt_11integration
FNDA:6,_RINvNtNtCseDZzA6aojIt_15torrust_mudlark11diagnostics10invariants22check_clean_accountingmyKm10_ECs2TRSwvI9cvt_11integration
FNDA:6,_RINvNtNtCseDZzA6aojIt_15torrust_mudlark11diagnostics10invariants23check_p_i5_thatch_depthmyKm10_ECs2TRSwvI9cvt_11integration
FNDA:6,_RINvNtNtCseDZzA6aojIt_15torrust_mudlark11diagnostics10invariants23check_v_i6_exposed_flagmyKm10_ECs2TRSwvI9cvt_11integration
FNDA:6,_RINvNtNtCseDZzA6aojIt_15torrust_mudlark11diagnostics10invariants24check_v_root_consistencymyKm10_ECs2TRSwvI9cvt_11integration
FNDA:6,_RINvNtNtCseDZzA6aojIt_15torrust_mudlark11diagnostics10invariants25check_p_i4_thatch_one_hopmyKm10_ECs2TRSwvI9cvt_11integration
FNDA:6,_RINvNtNtCseDZzA6aojIt_15torrust_mudlark11diagnostics10invariants25check_v_i1_structural_summyKm10_ECs2TRSwvI9cvt_11integration
FNDA:6,_RINvNtNtCseDZzA6aojIt_15torrust_mudlark11diagnostics10invariants26check_g_i2_variable_fanoutmyKm10_ECs2TRSwvI9cvt_11integration
FNDA:6,_RINvNtNtCseDZzA6aojIt_15torrust_mudlark11diagnostics10invariants26check_v_i6b_evictable_flagmyKm10_ECs2TRSwvI9cvt_11integration
FNDA:6,_RINvNtNtCseDZzA6aojIt_15torrust_mudlark11diagnostics10invariants26check_v_i7_structural_flagmyKm10_ECs2TRSwvI9cvt_11integration
FNDA:6,_RINvNtNtCseDZzA6aojIt_15torrust_mudlark11diagnostics10invariants27check_depth_gate_invariantsmyKm10_ECs2TRSwvI9cvt_11integration
FNDA:6,_RINvNtNtCseDZzA6aojIt_15torrust_mudlark11diagnostics10invariants27check_p_i2_basis_minimalitymyKm10_ECs2TRSwvI9cvt_11integration
FNDA:6,_RINvNtNtCseDZzA6aojIt_15torrust_mudlark11diagnostics10invariants27check_v_i2_branching_factormyKm10_ECs2TRSwvI9cvt_11integration
FNDA:6,_RINvNtNtCseDZzA6aojIt_15torrust_mudlark11diagnostics10invariants28check_g_i4_entry_consistencymyKm10_ECs2TRSwvI9cvt_11integration
FNDA:6,_RINvNtNtCseDZzA6aojIt_15torrust_mudlark11diagnostics10invariants28check_node_count_consistencymyKm10_ECs2TRSwvI9cvt_11integration
FNDA:6,_RINvNtNtCseDZzA6aojIt_15torrust_mudlark11diagnostics10invariants29check_p_i1_ii_tile_contiguitymyKm10_ECs2TRSwvI9cvt_11integration
FNDA:6,_RINvNtNtCseDZzA6aojIt_15torrust_mudlark11diagnostics10invariants29check_p_i3_basis_disjointnessmyKm10_ECs2TRSwvI9cvt_11integration
FNDA:6,_RINvNtNtCseDZzA6aojIt_15torrust_mudlark11diagnostics10invariants29check_parent_link_consistencymyKm10_ECs2TRSwvI9cvt_11integration
FNDA:6,_RINvNtNtCseDZzA6aojIt_15torrust_mudlark11diagnostics10invariants29check_plateau_sum_consistencymyKm10_ECs2TRSwvI9cvt_11integration
FNDA:6,_RINvNtNtCseDZzA6aojIt_15torrust_mudlark11diagnostics10invariants31check_plateau_basis_consistencymyKm10_ECs2TRSwvI9cvt_11integration
FNDA:6,_RINvNtNtCseDZzA6aojIt_15torrust_mudlark11diagnostics10invariants31check_plateau_depth_consistencymyKm10_ECs2TRSwvI9cvt_11integration
FNDA:6,_RINvNtNtCseDZzA6aojIt_15torrust_mudlark11diagnostics10invariants32check_p_i1_iii_run_contains_tilemyKm10_ECs2TRSwvI9cvt_11integration
FNDA:6,_RINvNtNtCseDZzA6aojIt_15torrust_mudlark11diagnostics10invariants32check_terminal_count_consistencymyKm10_ECs2TRSwvI9cvt_11integration
FNDA:6,_RINvNtNtCseDZzA6aojIt_15torrust_mudlark11diagnostics10invariants35check_p_i1_i_keys_are_contour_stepsmyKm10_ECs2TRSwvI9cvt_11integration
FNDA:6,_RINvNtNtCseDZzA6aojIt_15torrust_mudlark11diagnostics10invariants38check_plateau_btreemap_key_consistencymyKm10_ECs2TRSwvI9cvt_11integration
FNDA:50,_RINvNtNtCseDZzA6aojIt_15torrust_mudlark11diagnostics10invariants7tile_ofmyECs2TRSwvI9cvt_11integration
FNDA:0,_RNCINvNtNtCseDZzA6aojIt_15torrust_mudlark11diagnostics10invariants10dump_gtreemyKm10_E0Cs2TRSwvI9cvt_11integration
FNDA:0,_RNCINvNtNtCseDZzA6aojIt_15torrust_mudlark11diagnostics10invariants10dump_gtreemyKm10_Es_0Cs2TRSwvI9cvt_11integration
FNDA:139,_RNCINvNtNtCseDZzA6aojIt_15torrust_mudlark11diagnostics10invariants13contour_stepsmyKm10_E0Cs2TRSwvI9cvt_11integration
FNDA:25,_RNCINvNtNtCseDZzA6aojIt_15torrust_mudlark11diagnostics10invariants20check_g_i1_summationmyKm10_E0Cs2TRSwvI9cvt_11integration
FNDA:27,_RNCINvNtNtCseDZzA6aojIt_15torrust_mudlark11diagnostics10invariants20check_g_i1_summationmyKm10_Es_0Cs2TRSwvI9cvt_11integration
FNDA:19,_RNCINvNtNtCseDZzA6aojIt_15torrust_mudlark11diagnostics10invariants23check_p_i5_thatch_depthmyKm10_E0Cs2TRSwvI9cvt_11integration
FNDA:161,_RNCINvNtNtCseDZzA6aojIt_15torrust_mudlark11diagnostics10invariants23check_p_i5_thatch_depthmyKm10_Es_0Cs2TRSwvI9cvt_11integration
FNDA:62,_RNCINvNtNtCseDZzA6aojIt_15torrust_mudlark11diagnostics10invariants26check_v_i7_structural_flagmyKm10_E0Cs2TRSwvI9cvt_11integration
FNDA:1,_RNCINvNtNtCseDZzA6aojIt_15torrust_mudlark11diagnostics10invariants29check_p_i1_ii_tile_contiguitymyKm10_E0Cs2TRSwvI9cvt_11integration
FNDA:19,_RNCINvNtNtCseDZzA6aojIt_15torrust_mudlark11diagnostics10invariants29check_p_i3_basis_disjointnessmyKm10_E0Cs2TRSwvI9cvt_11integration
FNDA:25,_RNCINvNtNtCseDZzA6aojIt_15torrust_mudlark11diagnostics10invariants29check_plateau_sum_consistencymyKm10_E0Cs2TRSwvI9cvt_11integration
FNDA:25,_RNCINvNtNtCseDZzA6aojIt_15torrust_mudlark11diagnostics10invariants29check_plateau_sum_consistencymyKm10_Es_0Cs2TRSwvI9cvt_11integration
FNDA:58,_RNCINvNtNtCseDZzA6aojIt_15torrust_mudlark11diagnostics10invariants32check_terminal_count_consistencymyKm10_E0Cs2TRSwvI9cvt_11integration
FNDA:0,_RNCINvNtNtCseDZzA6aojIt_15torrust_mudlark11diagnostics10invariants35check_p_i1_i_keys_are_contour_stepsmyKm10_Es1_0Cs2TRSwvI9cvt_11integration
FNDA:0,_RNCNCINvNtNtCseDZzA6aojIt_15torrust_mudlark11diagnostics10invariants29check_p_i3_basis_disjointnessmyKm10_E00Cs2TRSwvI9cvt_11integration
FNDA:0,_RNvNtNtCseDZzA6aojIt_15torrust_mudlark11diagnostics10invariants11state_label
FNDA:0,_RNvNtNtCseDZzA6aojIt_15torrust_mudlark11diagnostics10invariants13ancestor_name
FNDA:0,_RNvNtNtCseDZzA6aojIt_15torrust_mudlark11diagnostics10invariants18fmt_optional_gnode
FNDA:0,_RNCNvNtNtCseDZzA6aojIt_15torrust_mudlark11diagnostics10invariants18fmt_optional_gnode0B7_
FNDA:0,_RNCNvNtNtCseDZzA6aojIt_15torrust_mudlark11diagnostics10invariants18fmt_optional_gnodes_0B7_
FNDA:0,_RINvNtNtCseDZzA6aojIt_15torrust_mudlark11diagnostics10invariants10dump_gtreemyKm10_ECslbovFV5ulP4_14snapshot_tests
FNDA:0,_RINvNtNtCseDZzA6aojIt_15torrust_mudlark11diagnostics10invariants21semi_internal_lineagemyKm10_ECslbovFV5ulP4_14snapshot_tests
FNDA:0,_RNCINvNtNtCseDZzA6aojIt_15torrust_mudlark11diagnostics10invariants10dump_gtreemyKm10_E0CslbovFV5ulP4_14snapshot_tests
FNDA:0,_RNCINvNtNtCseDZzA6aojIt_15torrust_mudlark11diagnostics10invariants10dump_gtreemyKm10_Es_0CslbovFV5ulP4_14snapshot_tests
FNDA:1,_RNvNtNtNtNtCs1k5AbIZFFzF_15torrust_mudlark11diagnostics10invariants5tests16dump_plateaus_fns_27works_after_multiple_splits
FNDA:1,_RNvNtNtNtNtCs1k5AbIZFFzF_15torrust_mudlark11diagnostics10invariants5tests16dump_plateaus_fns_40returns_non_empty_string_for_fresh_graph
FNDA:1,_RNvNtNtNtNtCs1k5AbIZFFzF_15torrust_mudlark11diagnostics10invariants5tests16dump_plateaus_fns_51output_contains_plateau_dump_header_after_bootstrap
FNDA:1,_RNvNtNtNtNtCs1k5AbIZFFzF_15torrust_mudlark11diagnostics10invariants5tests20assert_invariants_fns_30does_not_panic_for_fresh_graph
FNDA:1,_RNvNtNtNtNtCs1k5AbIZFFzF_15torrust_mudlark11diagnostics10invariants5tests20assert_invariants_fns_36does_not_panic_after_bootstrap_split
FNDA:1,_RNvNtNtNtNtCs1k5AbIZFFzF_15torrust_mudlark11diagnostics10invariants5tests20assert_invariants_fns_39does_not_panic_after_single_observation
FNDA:1,_RNvNtNtNtNtCs1k5AbIZFFzF_15torrust_mudlark11diagnostics10invariants5tests20assert_invariants_fns_42does_not_panic_after_multiple_observations
FNDA:1,_RNvNtNtNtNtCs1k5AbIZFFzF_15torrust_mudlark11diagnostics10invariants5tests23check_all_invariants_fns_36returns_empty_errors_for_fresh_graph
FNDA:1,_RNvNtNtNtNtCs1k5AbIZFFzF_15torrust_mudlark11diagnostics10invariants5tests23check_all_invariants_fns_39returns_empty_errors_after_observations
FNDA:1,_RNvNtNtNtNtCs1k5AbIZFFzF_15torrust_mudlark11diagnostics10invariants5tests13dump_gtree_fns_29output_contains_g_tree_header
FNDA:1,_RNvNtNtNtNtCs1k5AbIZFFzF_15torrust_mudlark11diagnostics10invariants5tests13dump_gtree_fns_40returns_non_empty_string_for_fresh_graph
FNDA:8,_RNvNtNtCs1k5AbIZFFzF_15torrust_mudlark11diagnostics10invariants11state_label
FNDA:4,_RNvNtNtCs1k5AbIZFFzF_15torrust_mudlark11diagnostics10invariants13ancestor_name
FNDA:6,_RNvNtNtCs1k5AbIZFFzF_15torrust_mudlark11diagnostics10invariants18fmt_optional_gnode
FNDA:2,_RINvNtNtCs1k5AbIZFFzF_15torrust_mudlark11diagnostics10invariants10dump_gtreehmKm8_EB6_
FNDA:9,_RINvNtNtCs1k5AbIZFFzF_15torrust_mudlark11diagnostics10invariants13contour_stepshmKm8_EB6_
FNDA:3,_RINvNtNtCs1k5AbIZFFzF_15torrust_mudlark11diagnostics10invariants13dump_plateaushmKm8_EB6_
FNDA:13,_RINvNtNtCs1k5AbIZFFzF_15torrust_mudlark11diagnostics10invariants14route_to_depthhmKm8_EB6_
FNDA:2,_RINvNtNtCs1k5AbIZFFzF_15torrust_mudlark11diagnostics10invariants15check_p_i3_onlyhmKm8_EB6_
FNDA:4,_RINvNtNtCs1k5AbIZFFzF_15torrust_mudlark11diagnostics10invariants17assert_invariantshmKm8_EB6_
FNDA:6,_RINvNtNtCs1k5AbIZFFzF_15torrust_mudlark11diagnostics10invariants17check_hard_budgethmKm8_EB6_
FNDA:3,_RINvNtNtCs1k5AbIZFFzF_15torrust_mudlark11diagnostics10invariants18check_plateau_onlyhmKm8_EB6_
FNDA:6,_RINvNtNtCs1k5AbIZFFzF_15torrust_mudlark11diagnostics10invariants20check_all_invariantshmKm8_EB6_
FNDA:6,_RINvNtNtCs1k5AbIZFFzF_15torrust_mudlark11diagnostics10invariants20check_g_i1_summationhmKm8_EB6_
FNDA:6,_RINvNtNtCs1k5AbIZFFzF_15torrust_mudlark11diagnostics10invariants20check_v_i3_max_unclehmKm8_EB6_
FNDA:6,_RINvNtNtCs1k5AbIZFFzF_15torrust_mudlark11diagnostics10invariants21check_v_i5_entry_leafhmKm8_EB6_
FNDA:8,_RINvNtNtCs1k5AbIZFFzF_15torrust_mudlark11diagnostics10invariants21semi_internal_lineagehmKm8_EB6_
FNDA:6,_RINvNtNtCs1k5AbIZFFzF_15torrust_mudlark11diagnostics10invariants22check_clean_accountinghmKm8_EB6_
FNDA:6,_RINvNtNtCs1k5AbIZFFzF_15torrust_mudlark11diagnostics10invariants23check_p_i5_thatch_depthhmKm8_EB6_
FNDA:6,_RINvNtNtCs1k5AbIZFFzF_15torrust_mudlark11diagnostics10invariants23check_v_i6_exposed_flaghmKm8_EB6_
FNDA:6,_RINvNtNtCs1k5AbIZFFzF_15torrust_mudlark11diagnostics10invariants24check_v_root_consistencyhmKm8_EB6_
FNDA:12,_RINvNtNtCs1k5AbIZFFzF_15torrust_mudlark11diagnostics10invariants25check_p_i4_thatch_one_hophmKm8_EB6_
FNDA:6,_RINvNtNtCs1k5AbIZFFzF_15torrust_mudlark11diagnostics10invariants25check_v_i1_structural_sumhmKm8_EB6_
FNDA:6,_RINvNtNtCs1k5AbIZFFzF_15torrust_mudlark11diagnostics10invariants26check_g_i2_variable_fanouthmKm8_EB6_
FNDA:6,_RINvNtNtCs1k5AbIZFFzF_15torrust_mudlark11diagnostics10invariants26check_v_i6b_evictable_flaghmKm8_EB6_
FNDA:6,_RINvNtNtCs1k5AbIZFFzF_15torrust_mudlark11diagnostics10invariants26check_v_i7_structural_flaghmKm8_EB6_
FNDA:6,_RINvNtNtCs1k5AbIZFFzF_15torrust_mudlark11diagnostics10invariants27check_depth_gate_invariantshmKm8_EB6_
FNDA:9,_RINvNtNtCs1k5AbIZFFzF_15torrust_mudlark11diagnostics10invariants27check_p_i2_basis_minimalityhmKm8_EB6_
FNDA:6,_RINvNtNtCs1k5AbIZFFzF_15torrust_mudlark11diagnostics10invariants27check_v_i2_branching_factorhmKm8_EB6_
FNDA:6,_RINvNtNtCs1k5AbIZFFzF_15torrust_mudlark11diagnostics10invariants28check_g_i4_entry_consistencyhmKm8_EB6_
FNDA:6,_RINvNtNtCs1k5AbIZFFzF_15torrust_mudlark11diagnostics10invariants28check_node_count_consistencyhmKm8_EB6_
FNDA:9,_RINvNtNtCs1k5AbIZFFzF_15torrust_mudlark11diagnostics10invariants29check_p_i1_ii_tile_contiguityhmKm8_EB6_
FNDA:14,_RINvNtNtCs1k5AbIZFFzF_15torrust_mudlark11diagnostics10invariants29check_p_i3_basis_disjointnesshmKm8_EB6_
FNDA:6,_RINvNtNtCs1k5AbIZFFzF_15torrust_mudlark11diagnostics10invariants29check_parent_link_consistencyhmKm8_EB6_
FNDA:6,_RINvNtNtCs1k5AbIZFFzF_15torrust_mudlark11diagnostics10invariants29check_plateau_sum_consistencyhmKm8_EB6_
FNDA:9,_RINvNtNtCs1k5AbIZFFzF_15torrust_mudlark11diagnostics10invariants31check_plateau_basis_consistencyhmKm8_EB6_
FNDA:6,_RINvNtNtCs1k5AbIZFFzF_15torrust_mudlark11diagnostics10invariants31check_plateau_depth_consistencyhmKm8_EB6_
FNDA:9,_RINvNtNtCs1k5AbIZFFzF_15torrust_mudlark11diagnostics10invariants32check_p_i1_iii_run_contains_tilehmKm8_EB6_
FNDA:6,_RINvNtNtCs1k5AbIZFFzF_15torrust_mudlark11diagnostics10invariants32check_terminal_count_consistencyhmKm8_EB6_
FNDA:9,_RINvNtNtCs1k5AbIZFFzF_15torrust_mudlark11diagnostics10invariants35check_p_i1_i_keys_are_contour_stepshmKm8_EB6_
FNDA:9,_RINvNtNtCs1k5AbIZFFzF_15torrust_mudlark11diagnostics10invariants38check_plateau_btreemap_key_consistencyhmKm8_EB6_
FNDA:48,_RINvNtNtCs1k5AbIZFFzF_15torrust_mudlark11diagnostics10invariants7tile_ofhmEB6_
FNDA:0,_RNCINvNtNtCs1k5AbIZFFzF_15torrust_mudlark11diagnostics10invariants10dump_gtreehmKm8_E0B8_
FNDA:2,_RNCINvNtNtCs1k5AbIZFFzF_15torrust_mudlark11diagnostics10invariants10dump_gtreehmKm8_Es_0B8_
FNDA:23,_RNCINvNtNtCs1k5AbIZFFzF_15torrust_mudlark11diagnostics10invariants13contour_stepshmKm8_E0B8_
FNDA:2,_RNCINvNtNtCs1k5AbIZFFzF_15torrust_mudlark11diagnostics10invariants13dump_plateaushmKm8_E0B8_
FNDA:3,_RNCINvNtNtCs1k5AbIZFFzF_15torrust_mudlark11diagnostics10invariants13dump_plateaushmKm8_Es0_0B8_
FNDA:2,_RNCINvNtNtCs1k5AbIZFFzF_15torrust_mudlark11diagnostics10invariants13dump_plateaushmKm8_Es1_0B8_
FNDA:6,_RNCINvNtNtCs1k5AbIZFFzF_15torrust_mudlark11diagnostics10invariants13dump_plateaushmKm8_Es2_0B8_
FNDA:1,_RNCINvNtNtCs1k5AbIZFFzF_15torrust_mudlark11diagnostics10invariants13dump_plateaushmKm8_Es3_0B8_
FNDA:5,_RNCINvNtNtCs1k5AbIZFFzF_15torrust_mudlark11diagnostics10invariants13dump_plateaushmKm8_Es4_0B8_
FNDA:5,_RNCINvNtNtCs1k5AbIZFFzF_15torrust_mudlark11diagnostics10invariants13dump_plateaushmKm8_Es5_0B8_
FNDA:1,_RNCINvNtNtCs1k5AbIZFFzF_15torrust_mudlark11diagnostics10invariants13dump_plateaushmKm8_Es6_0B8_
FNDA:5,_RNCINvNtNtCs1k5AbIZFFzF_15torrust_mudlark11diagnostics10invariants13dump_plateaushmKm8_Es7_0B8_
FNDA:1,_RNCINvNtNtCs1k5AbIZFFzF_15torrust_mudlark11diagnostics10invariants13dump_plateaushmKm8_Es8_0B8_
FNDA:6,_RNCINvNtNtCs1k5AbIZFFzF_15torrust_mudlark11diagnostics10invariants13dump_plateaushmKm8_Es9_0B8_
FNDA:2,_RNCINvNtNtCs1k5AbIZFFzF_15torrust_mudlark11diagnostics10invariants13dump_plateaushmKm8_Es_0B8_
FNDA:8,_RNCINvNtNtCs1k5AbIZFFzF_15torrust_mudlark11diagnostics10invariants20check_g_i1_summationhmKm8_E0B8_
FNDA:8,_RNCINvNtNtCs1k5AbIZFFzF_15torrust_mudlark11diagnostics10invariants20check_g_i1_summationhmKm8_Es_0B8_
FNDA:7,_RNCINvNtNtCs1k5AbIZFFzF_15torrust_mudlark11diagnostics10invariants23check_p_i5_thatch_depthhmKm8_E0B8_
FNDA:40,_RNCINvNtNtCs1k5AbIZFFzF_15torrust_mudlark11diagnostics10invariants23check_p_i5_thatch_depthhmKm8_Es_0B8_
FNDA:19,_RNCINvNtNtCs1k5AbIZFFzF_15torrust_mudlark11diagnostics10invariants26check_v_i7_structural_flaghmKm8_E0B8_
FNDA:1,_RNCINvNtNtCs1k5AbIZFFzF_15torrust_mudlark11diagnostics10invariants29check_p_i1_ii_tile_contiguityhmKm8_E0B8_
FNDA:16,_RNCINvNtNtCs1k5AbIZFFzF_15torrust_mudlark11diagnostics10invariants29check_p_i3_basis_disjointnesshmKm8_E0B8_
FNDA:13,_RNCINvNtNtCs1k5AbIZFFzF_15torrust_mudlark11diagnostics10invariants29check_plateau_sum_consistencyhmKm8_E0B8_
FNDA:13,_RNCINvNtNtCs1k5AbIZFFzF_15torrust_mudlark11diagnostics10invariants29check_plateau_sum_consistencyhmKm8_Es_0B8_
FNDA:22,_RNCINvNtNtCs1k5AbIZFFzF_15torrust_mudlark11diagnostics10invariants32check_terminal_count_consistencyhmKm8_E0B8_
FNDA:0,_RNCINvNtNtCs1k5AbIZFFzF_15torrust_mudlark11diagnostics10invariants35check_p_i1_i_keys_are_contour_stepshmKm8_Es1_0B8_
FNDA:0,_RNCNCINvNtNtCs1k5AbIZFFzF_15torrust_mudlark11diagnostics10invariants29check_p_i3_basis_disjointnesshmKm8_E00Ba_
FNDA:6,_RNCNvNtNtCs1k5AbIZFFzF_15torrust_mudlark11diagnostics10invariants18fmt_optional_gnode0B7_
FNDA:0,_RNCNvNtNtCs1k5AbIZFFzF_15torrust_mudlark11diagnostics10invariants18fmt_optional_gnodes_0B7_
FNDA:16,_RNvNtNtNtCs1k5AbIZFFzF_15torrust_mudlark11diagnostics10invariants5tests11make_config
FNDA:16,_RNvNtNtNtCs1k5AbIZFFzF_15torrust_mudlark11diagnostics10invariants5tests5fresh
FNDA:1,_RNvNtNtNtNtCs1k5AbIZFFzF_15torrust_mudlark11diagnostics10invariants5tests21check_plateau_only_fns_25no_errors_for_fresh_graph
FNDA:1,_RNvNtNtNtNtCs1k5AbIZFFzF_15torrust_mudlark11diagnostics10invariants5tests21check_plateau_only_fns_31no_errors_after_bootstrap_split
FNDA:1,_RNvNtNtNtNtCs1k5AbIZFFzF_15torrust_mudlark11diagnostics10invariants5tests21check_plateau_only_fns_31no_errors_after_multiple_splits
FNDA:1,_RNvNtNtNtNtCs1k5AbIZFFzF_15torrust_mudlark11diagnostics10invariants5tests18check_p_i3_only_fns_25no_errors_for_fresh_graph
FNDA:1,_RNvNtNtNtNtCs1k5AbIZFFzF_15torrust_mudlark11diagnostics10invariants5tests18check_p_i3_only_fns_31no_errors_after_multiple_splits
FNDA:1,_RNvNtNtNtNtCs1k5AbIZFFzF_15torrust_mudlark11diagnostics10invariants5tests16ancestor_name_fns_17depth_1_is_parent
FNDA:1,_RNvNtNtNtNtCs1k5AbIZFFzF_15torrust_mudlark11diagnostics10invariants5tests16ancestor_name_fns_22depth_2_is_grandparent
FNDA:1,_RNvNtNtNtNtCs1k5AbIZFFzF_15torrust_mudlark11diagnostics10invariants5tests16ancestor_name_fns_24depth_4_uses_format_path
FNDA:1,_RNvNtNtNtNtCs1k5AbIZFFzF_15torrust_mudlark11diagnostics10invariants5tests16ancestor_name_fns_28depth_3_is_great_grandparent
FNF:92
FNH:88
DA:13,8
DA:14,8
DA:15,7
DA:16,0
DA:17,1
DA:19,8
DA:21,6
DA:22,6
DA:23,6
DA:25,4
DA:26,4
DA:27,1
DA:28,1
DA:29,1
DA:30,1
DA:32,4
DA:34,4
DA:35,4
DA:36,4
DA:37,4
DA:38,4
DA:39,0
DA:40,0
DA:41,4
DA:42,4
DA:46,3
DA:47,3
DA:48,3
DA:49,3
DA:50,3
DA:51,3
DA:52,3
DA:53,3
DA:54,3
DA:55,3
DA:56,3
DA:57,3
DA:58,3
DA:62,2
DA:63,2
DA:64,2
DA:65,2
DA:66,2
DA:67,2
DA:69,8
DA:70,8
DA:71,8
DA:72,8
DA:73,8
DA:75,8
DA:76,8
DA:77,5
DA:78,5
DA:79,0
DA:80,5
DA:81,3
DA:83,8
DA:84,8
DA:85,15
DA:86,7
DA:87,7
DA:88,2
DA:89,2
DA:90,0
DA:91,0
DA:92,0
DA:93,0
DA:94,0
DA:95,0
DA:96,2
DA:97,5
DA:98,7
DA:99,7
DA:102,8
DA:103,8
DA:105,0
DA:107,8
DA:110,2
DA:111,2
DA:112,2
DA:114,2
DA:115,2
DA:116,2
DA:118,2
DA:119,2
DA:121,2
DA:123,2
DA:124,2
DA:125,2
DA:126,2
DA:127,2
DA:128,2
DA:129,2
DA:131,2
DA:132,2
DA:133,2
DA:134,2
DA:137,2
DA:139,2
DA:141,2
DA:142,2
DA:144,2
DA:145,2
DA:149,3
DA:150,3
DA:151,3
DA:153,3
DA:156,3
DA:160,3
DA:161,3
DA:163,3
DA:164,3
DA:166,3
DA:168,5
DA:169,5
DA:170,5
DA:171,5
DA:172,5
DA:173,5
DA:174,5
DA:175,5
DA:177,5
DA:178,5
DA:181,5
DA:182,5
DA:183,5
DA:184,5
DA:186,5
DA:188,5
DA:189,6
DA:190,5
DA:192,6
DA:193,6
DA:194,0
DA:195,0
DA:197,0
DA:199,0
DA:200,0
DA:201,6
DA:202,6
DA:203,6
DA:204,6
DA:205,6
DA:206,5
DA:207,1
DA:209,6
DA:210,6
DA:211,6
DA:212,6
DA:213,6
DA:214,6
DA:215,6
DA:216,6
DA:217,6
DA:218,6
DA:220,6
DA:222,6
DA:223,6
DA:227,3
DA:228,3
DA:230,3
DA:232,3
DA:233,3
DA:234,3
DA:235,3
DA:236,3
DA:237,6
DA:238,3
DA:239,3
DA:240,6
DA:241,6
DA:242,6
DA:244,3
DA:245,3
DA:246,3
DA:247,0
DA:248,0
DA:249,0
DA:250,0
DA:251,3
DA:253,3
DA:254,3
DA:255,3
DA:256,0
DA:257,0
DA:258,0
DA:259,0
DA:260,3
DA:262,3
DA:263,3
DA:266,12
DA:267,12
DA:268,12
DA:269,12
DA:271,12
DA:272,12
DA:273,12
DA:274,12
DA:275,12
DA:276,12
DA:277,12
DA:278,12
DA:279,12
DA:280,12
DA:281,12
DA:282,12
DA:283,12
DA:284,12
DA:285,12
DA:286,12
DA:287,12
DA:289,12
DA:290,12
DA:291,12
DA:292,12
DA:293,12
DA:294,12
DA:295,12
DA:296,12
DA:297,12
DA:298,12
DA:299,12
DA:300,12
DA:301,12
DA:303,12
DA:304,12
DA:307,12
DA:308,12
DA:309,12
DA:310,12
DA:311,80
DA:312,80
DA:313,80
DA:314,80
DA:315,80
DA:316,80
DA:317,80
DA:318,80
DA:319,80
DA:320,80
DA:321,0
DA:322,0
DA:323,0
DA:324,0
DA:325,0
DA:326,80
DA:328,12
DA:330,12
DA:331,12
DA:332,12
DA:333,12
DA:334,80
DA:335,80
DA:336,80
DA:337,0
DA:338,0
DA:339,0
DA:340,80
DA:342,12
DA:344,12
DA:345,12
DA:346,12
DA:347,12
DA:348,80
DA:349,80
DA:350,80
DA:351,0
DA:353,0
DA:355,0
DA:356,80
DA:357,80
DA:359,80
DA:360,80
DA:362,80
DA:363,0
DA:364,0
DA:365,0
DA:366,80
DA:368,80
DA:369,80
DA:370,80
DA:371,80
DA:372,0
DA:373,0
DA:374,0
DA:375,80
DA:377,0
DA:378,0
DA:379,0
DA:380,0
DA:381,0
DA:383,0
DA:385,12
DA:388,12
DA:389,12
DA:390,12
DA:391,12
DA:392,133
DA:393,133
DA:394,53
DA:395,121
DA:396,121
DA:398,121
DA:399,0
DA:401,0
DA:403,0
DA:404,121
DA:405,121
DA:406,121
DA:407,0
DA:408,0
DA:409,0
DA:410,0
DA:411,0
DA:412,0
DA:413,0
DA:414,0
DA:415,0
DA:416,121
DA:417,121
DA:420,53
DA:421,53
DA:422,0
DA:423,0
DA:424,0
DA:425,53
DA:426,80
DA:428,12
DA:430,12
DA:431,12
DA:432,12
DA:433,12
DA:434,133
DA:435,133
DA:436,53
DA:437,53
DA:438,0
DA:439,0
DA:440,0
DA:441,53
DA:442,80
DA:444,12
DA:446,12
DA:447,12
DA:448,12
DA:449,12
DA:450,133
DA:451,133
DA:452,133
DA:453,0
DA:454,0
DA:455,0
DA:456,0
DA:457,0
DA:458,0
DA:459,0
DA:460,133
DA:462,12
DA:464,12
DA:465,12
DA:466,12
DA:467,12
DA:468,133
DA:469,133
DA:470,121
DA:471,121
DA:472,121
DA:473,0
DA:474,0
DA:475,0
DA:476,0
DA:477,121
DA:479,80
DA:481,12
DA:483,12
DA:484,12
DA:485,12
DA:486,12
DA:487,133
DA:489,80
DA:490,133
DA:492,80
DA:493,0
DA:495,0
DA:497,0
DA:498,80
DA:499,80
DA:500,80
DA:501,80
DA:502,0
DA:503,0
DA:504,0
DA:505,0
DA:506,0
DA:507,80
DA:508,53
DA:510,12
DA:512,12
DA:513,12
DA:514,12
DA:515,12
DA:516,133
DA:518,80
DA:519,80
DA:520,80
DA:522,133
DA:524,80
DA:525,0
DA:526,80
DA:527,80
DA:528,80
DA:529,80
DA:530,0
DA:531,0
DA:532,0
DA:533,0
DA:534,0
DA:535,80
DA:537,80
DA:538,0
DA:539,0
DA:540,0
DA:541,80
DA:542,53
DA:544,12
DA:546,12
DA:547,12
DA:548,12
DA:549,12
DA:550,133
DA:552,53
DA:553,53
DA:554,133
DA:556,81
DA:557,81
DA:558,81
DA:559,0
DA:560,81
DA:561,81
DA:562,81
DA:563,55
[...]
FNDA:15,_RNCINvNtNtCs1k5AbIZFFzF_15torrust_mudlark4tree5gtree24recompute_g_sums_subtreehmE0B8_
FNDA:15,_RNCINvNtNtCs1k5AbIZFFzF_15torrust_mudlark4tree5gtree24recompute_g_sums_subtreehmEs_0B8_
FNF:8
FNH:8
DA:7,1098
DA:8,1098
DA:9,1098
DA:10,1098
DA:11,1098
DA:12,1098
DA:14,3186
DA:15,3186
DA:16,3186
DA:17,1795
DA:18,978
DA:19,978
DA:20,817
DA:22,1391
DA:23,1110
DA:24,1110
DA:25,281
DA:28,1098
DA:32,50379
DA:33,50379
DA:34,50379
DA:35,50379
DA:40,50379
DA:42,50379
DA:43,50379
DA:44,50379
DA:46,1094
DA:47,1094
DA:48,1094
DA:49,1094
DA:50,1094
DA:51,4276
DA:52,3182
DA:53,3182
DA:54,3182
DA:55,3182
DA:56,3182
DA:58,3182
DA:59,3182
DA:60,3182
DA:62,1094
DA:64,17
DA:65,17
DA:66,17
DA:67,17
DA:68,81
DA:69,81
DA:70,81
DA:71,81
DA:72,81
DA:73,81
DA:75,81
DA:76,81
DA:78,17
BRF:0
BRH:0
LF:58
LH:58
end_of_record
SF:/home/josecelano/Documents/git/committer/me/github/torrust/torrust-mudlark/src/tree/vtree.rs
FN:235,_RINvNtNtCseDZzA6aojIt_15torrust_mudlark4tree5vtree12sole_siblingyECs2TRSwvI9cvt_11integration
FN:70,_RINvNtNtCseDZzA6aojIt_15torrust_mudlark4tree5vtree16propagate_v_sumsyECs2TRSwvI9cvt_11integration
FN:152,_RINvNtNtCseDZzA6aojIt_15torrust_mudlark4tree5vtree16v_depth_uncachedyECs2TRSwvI9cvt_11integration
FN:290,_RINvNtNtCseDZzA6aojIt_15torrust_mudlark4tree5vtree17set_has_evictableyECs2TRSwvI9cvt_11integration
FN:9,_RINvNtNtCseDZzA6aojIt_15torrust_mudlark4tree5vtree17vtree_remove_leafmyECs2TRSwvI9cvt_11integration
FN:272,_RINvNtNtCseDZzA6aojIt_15torrust_mudlark4tree5vtree21compute_has_evictableyECs2TRSwvI9cvt_11integration
FN:265,_RINvNtNtCseDZzA6aojIt_15torrust_mudlark4tree5vtree21propagate_v_sums_fromyECs2TRSwvI9cvt_11integration
FN:85,_RINvNtNtCseDZzA6aojIt_15torrust_mudlark4tree5vtree21recompute_v_postorderyECs2TRSwvI9cvt_11integration
FN:211,_RINvNtNtCseDZzA6aojIt_15torrust_mudlark4tree5vtree23replace_child_in_parentyECs2TRSwvI9cvt_11integration
FN:177,_RINvNtNtCseDZzA6aojIt_15torrust_mudlark4tree5vtree24invalidate_depth_subtreeyECs2TRSwvI9cvt_11integration
FN:125,_RINvNtNtCseDZzA6aojIt_15torrust_mudlark4tree5vtree25propagate_evictable_flagsyECs2TRSwvI9cvt_11integration
FN:81,_RINvNtNtCseDZzA6aojIt_15torrust_mudlark4tree5vtree27recompute_all_v_intensitiesyECs2TRSwvI9cvt_11integration
FN:224,_RINvNtNtCseDZzA6aojIt_15torrust_mudlark4tree5vtree28remove_child_from_structuralyECs2TRSwvI9cvt_11integration
FN:252,_RINvNtNtCseDZzA6aojIt_15torrust_mudlark4tree5vtree30recompute_structural_intensityyECs2TRSwvI9cvt_11integration
FN:196,_RINvNtNtCseDZzA6aojIt_15torrust_mudlark4tree5vtree30update_parent_cached_intensityyECs2TRSwvI9cvt_11integration
FN:158,_RINvNtNtCseDZzA6aojIt_15torrust_mudlark4tree5vtree7v_depthyECs2TRSwvI9cvt_11integration
FN:154,_RNCINvNtNtCseDZzA6aojIt_15torrust_mudlark4tree5vtree16v_depth_uncachedyE0Cs2TRSwvI9cvt_11integration
FN:57,_RNCINvNtNtCseDZzA6aojIt_15torrust_mudlark4tree5vtree17vtree_remove_leafmyE0Cs2TRSwvI9cvt_11integration
FN:91,_RNCINvNtNtCseDZzA6aojIt_15torrust_mudlark4tree5vtree21recompute_v_postorderyE0Cs2TRSwvI9cvt_11integration
FN:172,_RNCINvNtNtCseDZzA6aojIt_15torrust_mudlark4tree5vtree7v_depthyE0Cs2TRSwvI9cvt_11integration
FN:235,_RINvNtNtCseDZzA6aojIt_15torrust_mudlark4tree5vtree12sole_siblingyECslbovFV5ulP4_14snapshot_tests
FN:70,_RINvNtNtCseDZzA6aojIt_15torrust_mudlark4tree5vtree16propagate_v_sumsyECslbovFV5ulP4_14snapshot_tests
FN:152,_RINvNtNtCseDZzA6aojIt_15torrust_mudlark4tree5vtree16v_depth_uncachedyECslbovFV5ulP4_14snapshot_tests
FN:290,_RINvNtNtCseDZzA6aojIt_15torrust_mudlark4tree5vtree17set_has_evictableyECslbovFV5ulP4_14snapshot_tests
FN:9,_RINvNtNtCseDZzA6aojIt_15torrust_mudlark4tree5vtree17vtree_remove_leafmyECslbovFV5ulP4_14snapshot_tests
FN:272,_RINvNtNtCseDZzA6aojIt_15torrust_mudlark4tree5vtree21compute_has_evictableyECslbovFV5ulP4_14snapshot_tests
FN:265,_RINvNtNtCseDZzA6aojIt_15torrust_mudlark4tree5vtree21propagate_v_sums_fromyECslbovFV5ulP4_14snapshot_tests
FN:85,_RINvNtNtCseDZzA6aojIt_15torrust_mudlark4tree5vtree21recompute_v_postorderyECslbovFV5ulP4_14snapshot_tests
FN:211,_RINvNtNtCseDZzA6aojIt_15torrust_mudlark4tree5vtree23replace_child_in_parentyECslbovFV5ulP4_14snapshot_tests
FN:177,_RINvNtNtCseDZzA6aojIt_15torrust_mudlark4tree5vtree24invalidate_depth_subtreeyECslbovFV5ulP4_14snapshot_tests
FN:125,_RINvNtNtCseDZzA6aojIt_15torrust_mudlark4tree5vtree25propagate_evictable_flagsyECslbovFV5ulP4_14snapshot_tests
FN:81,_RINvNtNtCseDZzA6aojIt_15torrust_mudlark4tree5vtree27recompute_all_v_intensitiesyECslbovFV5ulP4_14snapshot_tests
FN:224,_RINvNtNtCseDZzA6aojIt_15torrust_mudlark4tree5vtree28remove_child_from_structuralyECslbovFV5ulP4_14snapshot_tests
FN:252,_RINvNtNtCseDZzA6aojIt_15torrust_mudlark4tree5vtree30recompute_structural_intensityyECslbovFV5ulP4_14snapshot_tests
FN:196,_RINvNtNtCseDZzA6aojIt_15torrust_mudlark4tree5vtree30update_parent_cached_intensityyECslbovFV5ulP4_14snapshot_tests
FN:158,_RINvNtNtCseDZzA6aojIt_15torrust_mudlark4tree5vtree7v_depthyECslbovFV5ulP4_14snapshot_tests
FN:154,_RNCINvNtNtCseDZzA6aojIt_15torrust_mudlark4tree5vtree16v_depth_uncachedyE0CslbovFV5ulP4_14snapshot_tests
FN:57,_RNCINvNtNtCseDZzA6aojIt_15torrust_mudlark4tree5vtree17vtree_remove_leafmyE0CslbovFV5ulP4_14snapshot_tests
FN:91,_RNCINvNtNtCseDZzA6aojIt_15torrust_mudlark4tree5vtree21recompute_v_postorderyE0CslbovFV5ulP4_14snapshot_tests
FN:172,_RNCINvNtNtCseDZzA6aojIt_15torrust_mudlark4tree5vtree7v_depthyE0CslbovFV5ulP4_14snapshot_tests
FN:385,_RNvNtNtNtNtCs1k5AbIZFFzF_15torrust_mudlark4tree5vtree5tests19propagate_v_sums_fns_42propagating_from_root_entry_does_not_panic
FN:393,_RNvNtNtNtNtCs1k5AbIZFFzF_15torrust_mudlark4tree5vtree5tests19propagate_v_sums_fns_48propagating_from_child_updates_structural_parent
FN:235,_RINvNtNtCs1k5AbIZFFzF_15torrust_mudlark4tree5vtree12sole_siblingmEB6_
FN:70,_RINvNtNtCs1k5AbIZFFzF_15torrust_mudlark4tree5vtree16propagate_v_sumsmEB6_
FN:152,_RINvNtNtCs1k5AbIZFFzF_15torrust_mudlark4tree5vtree16v_depth_uncachedmEB6_
FN:290,_RINvNtNtCs1k5AbIZFFzF_15torrust_mudlark4tree5vtree17set_has_evictablemEB6_
FN:9,_RINvNtNtCs1k5AbIZFFzF_15torrust_mudlark4tree5vtree17vtree_remove_leafhmEB6_
FN:272,_RINvNtNtCs1k5AbIZFFzF_15torrust_mudlark4tree5vtree21compute_has_evictablemEB6_
FN:265,_RINvNtNtCs1k5AbIZFFzF_15torrust_mudlark4tree5vtree21propagate_v_sums_frommEB6_
FN:85,_RINvNtNtCs1k5AbIZFFzF_15torrust_mudlark4tree5vtree21recompute_v_postordermEB6_
FN:211,_RINvNtNtCs1k5AbIZFFzF_15torrust_mudlark4tree5vtree23replace_child_in_parentmEB6_
FN:177,_RINvNtNtCs1k5AbIZFFzF_15torrust_mudlark4tree5vtree24invalidate_depth_subtreemEB6_
FN:125,_RINvNtNtCs1k5AbIZFFzF_15torrust_mudlark4tree5vtree25propagate_evictable_flagsmEB6_
FN:81,_RINvNtNtCs1k5AbIZFFzF_15torrust_mudlark4tree5vtree27recompute_all_v_intensitiesmEB6_
FN:224,_RINvNtNtCs1k5AbIZFFzF_15torrust_mudlark4tree5vtree28remove_child_from_structuralmEB6_
FN:252,_RINvNtNtCs1k5AbIZFFzF_15torrust_mudlark4tree5vtree30recompute_structural_intensitymEB6_
FN:196,_RINvNtNtCs1k5AbIZFFzF_15torrust_mudlark4tree5vtree30update_parent_cached_intensitymEB6_
FN:158,_RINvNtNtCs1k5AbIZFFzF_15torrust_mudlark4tree5vtree7v_depthmEB6_
FN:154,_RNCINvNtNtCs1k5AbIZFFzF_15torrust_mudlark4tree5vtree16v_depth_uncachedmE0B8_
FN:57,_RNCINvNtNtCs1k5AbIZFFzF_15torrust_mudlark4tree5vtree17vtree_remove_leafhmE0B8_
FN:91,_RNCINvNtNtCs1k5AbIZFFzF_15torrust_mudlark4tree5vtree21recompute_v_postordermE0B8_
FN:172,_RNCINvNtNtCs1k5AbIZFFzF_15torrust_mudlark4tree5vtree7v_depthmE0B8_
FN:435,_RNvNtNtNtNtCs1k5AbIZFFzF_15torrust_mudlark4tree5vtree5tests20vtree_remove_leaf_fn20gnodes_with_one_node
FN:452,_RNvNtNtNtNtCs1k5AbIZFFzF_15torrust_mudlark4tree5vtree5tests20vtree_remove_leaf_fns_25root_removal_returns_none
FN:463,_RNvNtNtNtNtCs1k5AbIZFFzF_15torrust_mudlark4tree5vtree5tests20vtree_remove_leaf_fns_44shrink_removes_child_from_three_child_parent
FN:500,_RNvNtNtNtNtCs1k5AbIZFFzF_15torrust_mudlark4tree5vtree5tests20vtree_remove_leaf_fns_49collapse_no_grandparent_sole_sibling_becomes_root
FN:324,_RNvNtNtNtNtCs1k5AbIZFFzF_15torrust_mudlark4tree5vtree5tests10v_depth_fns_24root_node_has_depth_zero
FN:331,_RNvNtNtNtNtCs1k5AbIZFFzF_15torrust_mudlark4tree5vtree5tests10v_depth_fns_27child_of_root_has_depth_one
FN:339,_RNvNtNtNtNtCs1k5AbIZFFzF_15torrust_mudlark4tree5vtree5tests10v_depth_fns_33result_is_cached_after_first_call
FN:356,_RNvNtNtNtNtCs1k5AbIZFFzF_15torrust_mudlark4tree5vtree5tests27invalidate_depth_subtree_fns_32marks_cached_depth_stale_on_root
FN:370,_RNvNtNtNtNtCs1k5AbIZFFzF_15torrust_mudlark4tree5vtree5tests27invalidate_depth_subtree_fns_36leaves_already_stale_nodes_unchanged
FN:306,_RNvNtNtNtCs1k5AbIZFFzF_15torrust_mudlark4tree5vtree5tests11entry_vnode
FNDA:10,_RINvNtNtCseDZzA6aojIt_15torrust_mudlark4tree5vtree12sole_siblingyECs2TRSwvI9cvt_11integration
FNDA:828,_RINvNtNtCseDZzA6aojIt_15torrust_mudlark4tree5vtree16propagate_v_sumsyECs2TRSwvI9cvt_11integration
FNDA:2088,_RINvNtNtCseDZzA6aojIt_15torrust_mudlark4tree5vtree16v_depth_uncachedyECs2TRSwvI9cvt_11integration
FNDA:0,_RINvNtNtCseDZzA6aojIt_15torrust_mudlark4tree5vtree17set_has_evictableyECs2TRSwvI9cvt_11integration
FNDA:18,_RINvNtNtCseDZzA6aojIt_15torrust_mudlark4tree5vtree17vtree_remove_leafmyECs2TRSwvI9cvt_11integration
FNDA:366,_RINvNtNtCseDZzA6aojIt_15torrust_mudlark4tree5vtree21compute_has_evictableyECs2TRSwvI9cvt_11integration
FNDA:18,_RINvNtNtCseDZzA6aojIt_15torrust_mudlark4tree5vtree21propagate_v_sums_fromyECs2TRSwvI9cvt_11integration
FNDA:15,_RINvNtNtCseDZzA6aojIt_15torrust_mudlark4tree5vtree21recompute_v_postorderyECs2TRSwvI9cvt_11integration
FNDA:10,_RINvNtNtCseDZzA6aojIt_15torrust_mudlark4tree5vtree23replace_child_in_parentyECs2TRSwvI9cvt_11integration
FNDA:608,_RINvNtNtCseDZzA6aojIt_15torrust_mudlark4tree5vtree24invalidate_depth_subtreeyECs2TRSwvI9cvt_11integration
FNDA:366,_RINvNtNtCseDZzA6aojIt_15torrust_mudlark4tree5vtree25propagate_evictable_flagsyECs2TRSwvI9cvt_11integration
FNDA:1,_RINvNtNtCseDZzA6aojIt_15torrust_mudlark4tree5vtree27recompute_all_v_intensitiesyECs2TRSwvI9cvt_11integration
FNDA:8,_RINvNtNtCseDZzA6aojIt_15torrust_mudlark4tree5vtree28remove_child_from_structuralyECs2TRSwvI9cvt_11integration
FNDA:2197,_RINvNtNtCseDZzA6aojIt_15torrust_mudlark4tree5vtree30recompute_structural_intensityyECs2TRSwvI9cvt_11integration
FNDA:3007,_RINvNtNtCseDZzA6aojIt_15torrust_mudlark4tree5vtree30update_parent_cached_intensityyECs2TRSwvI9cvt_11integration
FNDA:707,_RINvNtNtCseDZzA6aojIt_15torrust_mudlark4tree5vtree7v_depthyECs2TRSwvI9cvt_11integration
FNDA:1497,_RNCINvNtNtCseDZzA6aojIt_15torrust_mudlark4tree5vtree16v_depth_uncachedyE0Cs2TRSwvI9cvt_11integration
FNDA:10,_RNCINvNtNtCseDZzA6aojIt_15torrust_mudlark4tree5vtree17vtree_remove_leafmyE0Cs2TRSwvI9cvt_11integration
FNDA:14,_RNCINvNtNtCseDZzA6aojIt_15torrust_mudlark4tree5vtree21recompute_v_postorderyE0Cs2TRSwvI9cvt_11integration
FNDA:116,_RNCINvNtNtCseDZzA6aojIt_15torrust_mudlark4tree5vtree7v_depthyE0Cs2TRSwvI9cvt_11integration
FNDA:0,_RINvNtNtCseDZzA6aojIt_15torrust_mudlark4tree5vtree12sole_siblingyECslbovFV5ulP4_14snapshot_tests
FNDA:94,_RINvNtNtCseDZzA6aojIt_15torrust_mudlark4tree5vtree16propagate_v_sumsyECslbovFV5ulP4_14snapshot_tests
FNDA:42,_RINvNtNtCseDZzA6aojIt_15torrust_mudlark4tree5vtree16v_depth_uncachedyECslbovFV5ulP4_14snapshot_tests
FNDA:0,_RINvNtNtCseDZzA6aojIt_15torrust_mudlark4tree5vtree17set_has_evictableyECslbovFV5ulP4_14snapshot_tests
FNDA:0,_RINvNtNtCseDZzA6aojIt_15torrust_mudlark4tree5vtree17vtree_remove_leafmyECslbovFV5ulP4_14snapshot_tests
FNDA:25,_RINvNtNtCseDZzA6aojIt_15torrust_mudlark4tree5vtree21compute_has_evictableyECslbovFV5ulP4_14snapshot_tests
FNDA:0,_RINvNtNtCseDZzA6aojIt_15torrust_mudlark4tree5vtree21propagate_v_sums_fromyECslbovFV5ulP4_14snapshot_tests
FNDA:51,_RINvNtNtCseDZzA6aojIt_15torrust_mudlark4tree5vtree21recompute_v_postorderyECslbovFV5ulP4_14snapshot_tests
FNDA:0,_RINvNtNtCseDZzA6aojIt_15torrust_mudlark4tree5vtree23replace_child_in_parentyECslbovFV5ulP4_14snapshot_tests
FNDA:28,_RINvNtNtCseDZzA6aojIt_15torrust_mudlark4tree5vtree24invalidate_depth_subtreeyECslbovFV5ulP4_14snapshot_tests
FNDA:25,_RINvNtNtCseDZzA6aojIt_15torrust_mudlark4tree5vtree25propagate_evictable_flagsyECslbovFV5ulP4_14snapshot_tests
FNDA:3,_RINvNtNtCseDZzA6aojIt_15torrust_mudlark4tree5vtree27recompute_all_v_intensitiesyECslbovFV5ulP4_14snapshot_tests
FNDA:0,_RINvNtNtCseDZzA6aojIt_15torrust_mudlark4tree5vtree28remove_child_from_structuralyECslbovFV5ulP4_14snapshot_tests
FNDA:213,_RINvNtNtCseDZzA6aojIt_15torrust_mudlark4tree5vtree30recompute_structural_intensityyECslbovFV5ulP4_14snapshot_tests
FNDA:307,_RINvNtNtCseDZzA6aojIt_15torrust_mudlark4tree5vtree30update_parent_cached_intensityyECslbovFV5ulP4_14snapshot_tests
FNDA:23,_RINvNtNtCseDZzA6aojIt_15torrust_mudlark4tree5vtree7v_depthyECslbovFV5ulP4_14snapshot_tests
FNDA:28,_RNCINvNtNtCseDZzA6aojIt_15torrust_mudlark4tree5vtree16v_depth_uncachedyE0CslbovFV5ulP4_14snapshot_tests
FNDA:0,_RNCINvNtNtCseDZzA6aojIt_15torrust_mudlark4tree5vtree17vtree_remove_leafmyE0CslbovFV5ulP4_14snapshot_tests
FNDA:48,_RNCINvNtNtCseDZzA6aojIt_15torrust_mudlark4tree5vtree21recompute_v_postorderyE0CslbovFV5ulP4_14snapshot_tests
FNDA:9,_RNCINvNtNtCseDZzA6aojIt_15torrust_mudlark4tree5vtree7v_depthyE0CslbovFV5ulP4_14snapshot_tests
FNDA:1,_RNvNtNtNtNtCs1k5AbIZFFzF_15torrust_mudlark4tree5vtree5tests19propagate_v_sums_fns_42propagating_from_root_entry_does_not_panic
FNDA:1,_RNvNtNtNtNtCs1k5AbIZFFzF_15torrust_mudlark4tree5vtree5tests19propagate_v_sums_fns_48propagating_from_child_updates_structural_parent
FNDA:2,_RINvNtNtCs1k5AbIZFFzF_15torrust_mudlark4tree5vtree12sole_siblingmEB6_
FNDA:211,_RINvNtNtCs1k5AbIZFFzF_15torrust_mudlark4tree5vtree16propagate_v_sumsmEB6_
FNDA:337,_RINvNtNtCs1k5AbIZFFzF_15torrust_mudlark4tree5vtree16v_depth_uncachedmEB6_
FNDA:1,_RINvNtNtCs1k5AbIZFFzF_15torrust_mudlark4tree5vtree17set_has_evictablemEB6_
FNDA:4,_RINvNtNtCs1k5AbIZFFzF_15torrust_mudlark4tree5vtree17vtree_remove_leafhmEB6_
FNDA:180,_RINvNtNtCs1k5AbIZFFzF_15torrust_mudlark4tree5vtree21compute_has_evictablemEB6_
FNDA:2,_RINvNtNtCs1k5AbIZFFzF_15torrust_mudlark4tree5vtree21propagate_v_sums_frommEB6_
FNDA:76,_RINvNtNtCs1k5AbIZFFzF_15torrust_mudlark4tree5vtree21recompute_v_postordermEB6_
FNDA:1,_RINvNtNtCs1k5AbIZFFzF_15torrust_mudlark4tree5vtree23replace_child_in_parentmEB6_
FNDA:216,_RINvNtNtCs1k5AbIZFFzF_15torrust_mudlark4tree5vtree24invalidate_depth_subtreemEB6_
FNDA:179,_RINvNtNtCs1k5AbIZFFzF_15torrust_mudlark4tree5vtree25propagate_evictable_flagsmEB6_
FNDA:13,_RINvNtNtCs1k5AbIZFFzF_15torrust_mudlark4tree5vtree27recompute_all_v_intensitiesmEB6_
FNDA:1,_RINvNtNtCs1k5AbIZFFzF_15torrust_mudlark4tree5vtree28remove_child_from_structuralmEB6_
FNDA:288,_RINvNtNtCs1k5AbIZFFzF_15torrust_mudlark4tree5vtree30recompute_structural_intensitymEB6_
FNDA:495,_RINvNtNtCs1k5AbIZFFzF_15torrust_mudlark4tree5vtree30update_parent_cached_intensitymEB6_
FNDA:179,_RINvNtNtCs1k5AbIZFFzF_15torrust_mudlark4tree5vtree7v_depthmEB6_
FNDA:228,_RNCINvNtNtCs1k5AbIZFFzF_15torrust_mudlark4tree5vtree16v_depth_uncachedmE0B8_
FNDA:1,_RNCINvNtNtCs1k5AbIZFFzF_15torrust_mudlark4tree5vtree17vtree_remove_leafhmE0B8_
FNDA:63,_RNCINvNtNtCs1k5AbIZFFzF_15torrust_mudlark4tree5vtree21recompute_v_postordermE0B8_
FNDA:67,_RNCINvNtNtCs1k5AbIZFFzF_15torrust_mudlark4tree5vtree7v_depthmE0B8_
FNDA:3,_RNvNtNtNtNtCs1k5AbIZFFzF_15torrust_mudlark4tree5vtree5tests20vtree_remove_leaf_fn20gnodes_with_one_node
FNDA:1,_RNvNtNtNtNtCs1k5AbIZFFzF_15torrust_mudlark4tree5vtree5tests20vtree_remove_leaf_fns_25root_removal_returns_none
FNDA:1,_RNvNtNtNtNtCs1k5AbIZFFzF_15torrust_mudlark4tree5vtree5tests20vtree_remove_leaf_fns_44shrink_removes_child_from_three_child_parent
FNDA:1,_RNvNtNtNtNtCs1k5AbIZFFzF_15torrust_mudlark4tree5vtree5tests20vtree_remove_leaf_fns_49collapse_no_grandparent_sole_sibling_becomes_root
FNDA:1,_RNvNtNtNtNtCs1k5AbIZFFzF_15torrust_mudlark4tree5vtree5tests10v_depth_fns_24root_node_has_depth_zero
FNDA:1,_RNvNtNtNtNtCs1k5AbIZFFzF_15torrust_mudlark4tree5vtree5tests10v_depth_fns_27child_of_root_has_depth_one
FNDA:1,_RNvNtNtNtNtCs1k5AbIZFFzF_15torrust_mudlark4tree5vtree5tests10v_depth_fns_33result_is_cached_after_first_call
FNDA:1,_RNvNtNtNtNtCs1k5AbIZFFzF_15torrust_mudlark4tree5vtree5tests27invalidate_depth_subtree_fns_32marks_cached_depth_stale_on_root
FNDA:1,_RNvNtNtNtNtCs1k5AbIZFFzF_15torrust_mudlark4tree5vtree5tests27invalidate_depth_subtree_fns_36leaves_already_stale_nodes_unchanged
FNDA:15,_RNvNtNtNtCs1k5AbIZFFzF_15torrust_mudlark4tree5vtree5tests11entry_vnode
FNF:32
FNH:32
DA:9,22
DA:10,22
DA:11,22
DA:12,22
DA:13,22
DA:14,22
DA:15,22
DA:17,0
DA:20,22
DA:22,22
DA:23,22
DA:24,22
DA:26,22
DA:28,22
DA:29,1
DA:30,1
DA:31,1
DA:34,21
DA:35,21
DA:36,21
DA:37,0
DA:40,21
DA:41,9
DA:42,9
DA:43,9
DA:44,9
DA:45,9
DA:46,9
DA:47,12
DA:49,12
DA:50,12
DA:51,12
DA:53,12
DA:55,12
DA:57,12
DA:58,11
DA:59,11
DA:60,11
DA:61,11
DA:62,11
DA:63,11
DA:65,12
DA:66,12
DA:67,12
DA:68,22
DA:70,1133
DA:71,1133
DA:72,1133
DA:73,3811
DA:74,2678
DA:75,2678
DA:76,2678
DA:77,2678
DA:78,2678
DA:79,1133
DA:81,17
DA:82,17
DA:83,17
DA:85,142
DA:86,142
DA:87,142
DA:88,142
DA:89,85
DA:90,57
DA:91,125
DA:92,57
DA:97,142
DA:98,85
DA:101,125
DA:102,125
DA:103,125
DA:105,125
DA:106,125
DA:107,125
DA:108,125
DA:109,125
DA:110,125
DA:113,57
DA:114,57
DA:115,57
DA:116,125
DA:117,125
DA:118,125
DA:120,57
DA:121,57
DA:122,0
DA:123,142
DA:125,570
DA:126,570
DA:127,590
DA:128,590
DA:129,590
DA:130,19
DA:131,19
DA:132,19
DA:134,571
DA:135,571
DA:137,571
DA:138,571
DA:139,571
DA:140,570
DA:141,1
DA:143,1
DA:144,1
DA:145,1
DA:149,570
DA:152,2467
DA:153,2467
DA:154,2467
DA:155,2467
DA:158,909
DA:159,909
DA:160,909
DA:162,909
DA:164,714
DA:166,714
DA:169,714
DA:170,195
DA:172,195
DA:173,195
DA:174,195
DA:175,909
DA:177,852
DA:178,852
DA:179,2115
DA:180,1263
DA:182,1263
DA:183,792
DA:184,471
DA:186,471
DA:188,471
DA:189,411
DA:190,411
DA:191,411
DA:192,286
DA:194,852
DA:196,3809
DA:197,3809
DA:198,3809
DA:199,3809
DA:200,3809
DA:201,3809
DA:202,3809
DA:203,2677
DA:204,2677
DA:205,2677
DA:206,2677
DA:207,2677
DA:208,0
DA:209,3809
DA:211,11
DA:212,11
DA:213,11
DA:214,11
DA:215,11
DA:216,11
DA:217,11
DA:218,11
DA:219,11
DA:220,11
DA:221,11
DA:222,11
DA:224,9
DA:225,9
DA:226,9
DA:227,9
DA:228,9
DA:229,9
DA:230,9
DA:231,9
DA:232,9
DA:233,9
DA:235,12
DA:236,12
DA:237,12
DA:238,12
DA:239,12
DA:240,12
DA:241,12
DA:242,22
DA:243,22
DA:244,22
DA:245,12
DA:246,10
DA:248,0
DA:249,0
DA:250,12
DA:252,2698
DA:253,2698
DA:254,2698
DA:255,2698
DA:256,6387
DA:257,6387
DA:258,6387
DA:260,2698
DA:261,2698
DA:262,0
DA:263,2698
DA:265,20
DA:266,20
DA:267,20
DA:268,20
DA:269,20
DA:270,20
DA:272,571
DA:273,571
DA:274,571
DA:275,571
DA:276,767
DA:277,767
DA:278,767
DA:279,767
DA:280,478
DA:281,289
DA:283,767
DA:284,567
DA:285,200
DA:287,4
DA:288,571
DA:290,1
DA:291,1
DA:292,1
DA:293,1
DA:294,1
DA:295,1
DA:306,15
DA:307,15
DA:308,15
DA:309,15
DA:310,15
DA:311,15
DA:312,15
DA:313,15
DA:314,15
DA:315,15
DA:316,15
DA:317,15
DA:324,1
DA:325,1
DA:326,1
DA:327,1
DA:328,1
DA:331,1
DA:332,1
DA:333,1
DA:334,1
DA:335,1
DA:336,1
DA:339,1
DA:340,1
DA:341,1
DA:342,1
DA:343,1
DA:344,1
DA:346,1
DA:347,1
DA:348,1
DA:356,1
DA:357,1
DA:359,1
DA:360,1
DA:361,1
DA:363,1
DA:365,1
DA:366,1
DA:367,1
DA:370,1
DA:371,1
DA:373,1
DA:374,1
DA:375,1
DA:376,1
DA:377,1
DA:385,1
DA:386,1
DA:387,1
DA:389,1
DA:390,1
DA:393,1
DA:394,1
DA:397,1
DA:398,1
DA:400,1
DA:401,1
DA:402,1
DA:403,1
DA:404,1
DA:405,1
DA:406,1
DA:407,1
DA:408,1
DA:409,1
DA:412,1
DA:413,1
DA:416,1
DA:418,1
DA:422,1
DA:423,1
DA:424,1
DA:435,3
DA:436,3
DA:437,3
DA:438,3
DA:439,3
DA:440,3
DA:441,3
DA:442,3
DA:443,3
DA:444,3
DA:445,3
DA:446,3
DA:447,3
DA:448,3
DA:452,1
DA:453,1
DA:454,1
DA:455,1
DA:456,1
DA:457,1
DA:458,1
DA:459,1
DA:463,1
DA:464,1
DA:465,1
DA:467,1
DA:468,1
DA:469,1
DA:471,1
DA:472,1
DA:473,1
DA:474,1
DA:475,1
DA:476,1
DA:477,1
DA:478,1
DA:479,1
DA:480,1
DA:481,1
DA:482,1
DA:483,1
DA:485,1
DA:486,1
DA:487,1
DA:489,1
DA:490,1
DA:491,1
DA:492,1
DA:493,1
DA:494,0
DA:496,1
DA:500,1
DA:501,1
DA:502,1
DA:504,1
DA:505,1
DA:507,1
DA:508,1
DA:509,1
DA:510,1
DA:511,1
DA:512,1
DA:513,1
DA:514,1
DA:515,1
DA:517,1
DA:518,1
DA:520,1
DA:521,1
DA:522,1
DA:523,1
DA:524,1
DA:525,1
BRF:0
BRH:0
LF:376
LH:368
end_of_record